Analysis & Synthesis report for debounce_t
Thu Dec 09 15:00:37 2021
Quartus Prime Version 18.1.0 Build 625 09/12/2018 SJ Lite Edition


---------------------
; Table of Contents ;
---------------------
  1. Legal Notice
  2. Analysis & Synthesis Summary
  3. Analysis & Synthesis Settings
  4. Parallel Compilation
  5. Analysis & Synthesis Source Files Read
  6. Analysis & Synthesis Resource Usage Summary
  7. Analysis & Synthesis Resource Utilization by Entity
  8. Analysis & Synthesis IP Cores Summary
  9. General Register Statistics
 10. Parameter Settings for User Entity Instance: Counter1:inst4|lpm_counter:LPM_COUNTER_component
 11. Parameter Settings for User Entity Instance: Compare:Compare|lpm_compare:LPM_COMPARE_component
 12. Parameter Settings for User Entity Instance: Counter32:CounterA|lpm_counter:LPM_COUNTER_component
 13. Post-Synthesis Netlist Statistics for Top Partition
 14. Elapsed Time Per Partition
 15. Analysis & Synthesis Messages



----------------
; Legal Notice ;
----------------
Copyright (C) 2018  Intel Corporation. All rights reserved.
Your use of Intel Corporation's design tools, logic functions 
and other software and tools, and its AMPP partner logic 
functions, and any output files from any of the foregoing 
(including device programming or simulation files), and any 
associated documentation or information are expressly subject 
to the terms and conditions of the Intel Program License 
Subscription Agreement, the Intel Quartus Prime License Agreement,
the Intel FPGA IP License Agreement, or other applicable license
agreement, including, without limitation, that your use is for
the sole purpose of programming logic devices manufactured by
Intel and sold by Intel or its authorized distributors.  Please
refer to the applicable agreement for further details.



+-------------------------------------------------------------------------------+
; Analysis & Synthesis Summary                                                  ;
+---------------------------------+---------------------------------------------+
; Analysis & Synthesis Status     ; Successful - Thu Dec 09 15:00:37 2021       ;
; Quartus Prime Version           ; 18.1.0 Build 625 09/12/2018 SJ Lite Edition ;
; Revision Name                   ; debounce_t                                  ;
; Top-level Entity Name           ; debounce_t                                  ;
; Family                          ; Cyclone V                                   ;
; Logic utilization (in ALMs)     ; N/A                                         ;
; Total registers                 ; 33                                          ;
; Total pins                      ; 3                                           ;
; Total virtual pins              ; 0                                           ;
; Total block memory bits         ; 0                                           ;
; Total DSP Blocks                ; 0                                           ;
; Total HSSI RX PCSs              ; 0                                           ;
; Total HSSI PMA RX Deserializers ; 0                                           ;
; Total HSSI TX PCSs              ; 0                                           ;
; Total HSSI PMA TX Serializers   ; 0                                           ;
; Total PLLs                      ; 0                                           ;
; Total DLLs                      ; 0                                           ;
+---------------------------------+---------------------------------------------+


+---------------------------------------------------------------------------------------------------------------------------+
; Analysis & Synthesis Settings                                                                                             ;
+---------------------------------------------------------------------------------+--------------------+--------------------+
; Option                                                                          ; Setting            ; Default Value      ;
+---------------------------------------------------------------------------------+--------------------+--------------------+
; Device                                                                          ; 5CSEMA5F31C6       ;                    ;
; Top-level entity name                                                           ; debounce_t         ; debounce_t         ;
; Family name                                                                     ; Cyclone V          ; Cyclone V          ;
; Use smart compilation                                                           ; Off                ; Off                ;
; Enable parallel Assembler and Timing Analyzer during compilation                ; On                 ; On                 ;
; Enable compact report table                                                     ; Off                ; Off                ;
; Restructure Multiplexers                                                        ; Auto               ; Auto               ;
; MLAB Add Timing Constraints For Mixed-Port Feed-Through Mode Setting Don't Care ; Off                ; Off                ;
; Create Debugging Nodes for IP Cores                                             ; Off                ; Off                ;
; Preserve fewer node names                                                       ; On                 ; On                 ;
; Intel FPGA IP Evaluation Mode                                                   ; Enable             ; Enable             ;
; Verilog Version                                                                 ; Verilog_2001       ; Verilog_2001       ;
; VHDL Version                                                                    ; VHDL_1993          ; VHDL_1993          ;
; State Machine Processing                                                        ; Auto               ; Auto               ;
; Safe State Machine                                                              ; Off                ; Off                ;
; Extract Verilog State Machines                                                  ; On                 ; On                 ;
; Extract VHDL State Machines                                                     ; On                 ; On                 ;
; Ignore Verilog initial constructs                                               ; Off                ; Off                ;
; Iteration limit for constant Verilog loops                                      ; 5000               ; 5000               ;
; Iteration limit for non-constant Verilog loops                                  ; 250                ; 250                ;
; Add Pass-Through Logic to Inferred RAMs                                         ; On                 ; On                 ;
; Infer RAMs from Raw Logic                                                       ; On                 ; On                 ;
; Parallel Synthesis                                                              ; On                 ; On                 ;
; DSP Block Balancing                                                             ; Auto               ; Auto               ;
; NOT Gate Push-Back                                                              ; On                 ; On                 ;
; Power-Up Don't Care                                                             ; On                 ; On                 ;
; Remove Redundant Logic Cells                                                    ; Off                ; Off                ;
; Remove Duplicate Registers                                                      ; On                 ; On                 ;
; Ignore CARRY Buffers                                                            ; Off                ; Off                ;
; Ignore CASCADE Buffers                                                          ; Off                ; Off                ;
; Ignore GLOBAL Buffers                                                           ; Off                ; Off                ;
; Ignore ROW GLOBAL Buffers                                                       ; Off                ; Off                ;
; Ignore LCELL Buffers                                                            ; Off                ; Off                ;
; Ignore SOFT Buffers                                                             ; On                 ; On                 ;
; Limit AHDL Integers to 32 Bits                                                  ; Off                ; Off                ;
; Optimization Technique                                                          ; Balanced           ; Balanced           ;
; Carry Chain Length                                                              ; 70                 ; 70                 ;
; Auto Carry Chains                                                               ; On                 ; On                 ;
; Auto Open-Drain Pins                                                            ; On                 ; On                 ;
; Perform WYSIWYG Primitive Resynthesis                                           ; Off                ; Off                ;
; Auto ROM Replacement                                                            ; On                 ; On                 ;
; Auto RAM Replacement                                                            ; On                 ; On                 ;
; Auto DSP Block Replacement                                                      ; On                 ; On                 ;
; Auto Shift Register Replacement                                                 ; Auto               ; Auto               ;
; Allow Shift Register Merging across Hierarchies                                 ; Auto               ; Auto               ;
; Auto Clock Enable Replacement                                                   ; On                 ; On                 ;
; Strict RAM Replacement                                                          ; Off                ; Off                ;
; Allow Synchronous Control Signals                                               ; On                 ; On                 ;
; Force Use of Synchronous Clear Signals                                          ; Off                ; Off                ;
; Auto Resource Sharing                                                           ; Off                ; Off                ;
; Allow Any RAM Size For Recognition                                              ; Off                ; Off                ;
; Allow Any ROM Size For Recognition                                              ; Off                ; Off                ;
; Allow Any Shift Register Size For Recognition                                   ; Off                ; Off                ;
; Use LogicLock Constraints during Resource Balancing                             ; On                 ; On                 ;
; Ignore translate_off and synthesis_off directives                               ; Off                ; Off                ;
; Timing-Driven Synthesis                                                         ; On                 ; On                 ;
; Report Parameter Settings                                                       ; On                 ; On                 ;
; Report Source Assignments                                                       ; On                 ; On                 ;
; Report Connectivity Checks                                                      ; On                 ; On                 ;
; Ignore Maximum Fan-Out Assignments                                              ; Off                ; Off                ;
; Synchronization Register Chain Length                                           ; 3                  ; 3                  ;
; Power Optimization During Synthesis                                             ; Normal compilation ; Normal compilation ;
; HDL message level                                                               ; Level2             ; Level2             ;
; Suppress Register Optimization Related Messages                                 ; Off                ; Off                ;
; Number of Removed Registers Reported in Synthesis Report                        ; 5000               ; 5000               ;
; Number of Swept Nodes Reported in Synthesis Report                              ; 5000               ; 5000               ;
; Number of Inverted Registers Reported in Synthesis Report                       ; 100                ; 100                ;
; Clock MUX Protection                                                            ; On                 ; On                 ;
; Auto Gated Clock Conversion                                                     ; Off                ; Off                ;
; Block Design Naming                                                             ; Auto               ; Auto               ;
; SDC constraint protection                                                       ; Off                ; Off                ;
; Synthesis Effort                                                                ; Auto               ; Auto               ;
; Shift Register Replacement - Allow Asynchronous Clear Signal                    ; On                 ; On                 ;
; Pre-Mapping Resynthesis Optimization                                            ; Off                ; Off                ;
; Analysis & Synthesis Message Level                                              ; Medium             ; Medium             ;
; Disable Register Merging Across Hierarchies                                     ; Auto               ; Auto               ;
; Resource Aware Inference For Block RAM                                          ; On                 ; On                 ;
; Automatic Parallel Synthesis                                                    ; On                 ; On                 ;
; Partial Reconfiguration Bitstream ID                                            ; Off                ; Off                ;
+---------------------------------------------------------------------------------+--------------------+--------------------+


+------------------------------------------+
; Parallel Compilation                     ;
+----------------------------+-------------+
; Processors                 ; Number      ;
+----------------------------+-------------+
; Number detected on machine ; 12          ;
; Maximum allowed            ; 6           ;
;                            ;             ;
; Average used               ; 1.00        ;
; Maximum used               ; 6           ;
;                            ;             ;
; Usage by Processor         ; % Time Used ;
;     Processor 1            ; 100.0%      ;
;     Processors 2-6         ;   0.0%      ;
+----------------------------+-------------+


+------------------------------------------------------------------------------------------------------------------------------------------------------------------------------------+
; Analysis & Synthesis Source Files Read                                                                                                                                             ;
+----------------------------------+-----------------+------------------------------------+--------------------------------------------------------------------------------+---------+
; File Name with User-Entered Path ; Used in Netlist ; File Type                          ; File Name with Absolute Path                                                   ; Library ;
+----------------------------------+-----------------+------------------------------------+--------------------------------------------------------------------------------+---------+
; Counter32.v                      ; yes             ; User Wizard-Generated File         ; C:/Users/alsto/Documents/Fall 2021/EECE 2160/Lab 9/debounce_t/Counter32.v      ;         ;
; debounce_t.bdf                   ; yes             ; User Block Diagram/Schematic File  ; C:/Users/alsto/Documents/Fall 2021/EECE 2160/Lab 9/debounce_t/debounce_t.bdf   ;         ;
; Compare.v                        ; yes             ; User Wizard-Generated File         ; C:/Users/alsto/Documents/Fall 2021/EECE 2160/Lab 9/debounce_t/Compare.v        ;         ;
; Counter1.v                       ; yes             ; User Wizard-Generated File         ; C:/Users/alsto/Documents/Fall 2021/EECE 2160/Lab 9/debounce_t/Counter1.v       ;         ;
; lpm_counter.tdf                  ; yes             ; Megafunction                       ; c:/intelfpga_lite/18.1/quartus/libraries/megafunctions/lpm_counter.tdf         ;         ;
; lpm_constant.inc                 ; yes             ; Megafunction                       ; c:/intelfpga_lite/18.1/quartus/libraries/megafunctions/lpm_constant.inc        ;         ;
; lpm_decode.inc                   ; yes             ; Megafunction                       ; c:/intelfpga_lite/18.1/quartus/libraries/megafunctions/lpm_decode.inc          ;         ;
; lpm_add_sub.inc                  ; yes             ; Megafunction                       ; c:/intelfpga_lite/18.1/quartus/libraries/megafunctions/lpm_add_sub.inc         ;         ;
; cmpconst.inc                     ; yes             ; Megafunction                       ; c:/intelfpga_lite/18.1/quartus/libraries/megafunctions/cmpconst.inc            ;         ;
; lpm_compare.inc                  ; yes             ; Megafunction                       ; c:/intelfpga_lite/18.1/quartus/libraries/megafunctions/lpm_compare.inc         ;         ;
; lpm_counter.inc                  ; yes             ; Megafunction                       ; c:/intelfpga_lite/18.1/quartus/libraries/megafunctions/lpm_counter.inc         ;         ;
; dffeea.inc                       ; yes             ; Megafunction                       ; c:/intelfpga_lite/18.1/quartus/libraries/megafunctions/dffeea.inc              ;         ;
; alt_counter_stratix.inc          ; yes             ; Megafunction                       ; c:/intelfpga_lite/18.1/quartus/libraries/megafunctions/alt_counter_stratix.inc ;         ;
; aglobal181.inc                   ; yes             ; Megafunction                       ; c:/intelfpga_lite/18.1/quartus/libraries/megafunctions/aglobal181.inc          ;         ;
; db/cntr_g6i.tdf                  ; yes             ; Auto-Generated Megafunction        ; C:/Users/alsto/Documents/Fall 2021/EECE 2160/Lab 9/debounce_t/db/cntr_g6i.tdf  ;         ;
; lpm_compare.tdf                  ; yes             ; Megafunction                       ; c:/intelfpga_lite/18.1/quartus/libraries/megafunctions/lpm_compare.tdf         ;         ;
; comptree.inc                     ; yes             ; Megafunction                       ; c:/intelfpga_lite/18.1/quartus/libraries/megafunctions/comptree.inc            ;         ;
; altshift.inc                     ; yes             ; Megafunction                       ; c:/intelfpga_lite/18.1/quartus/libraries/megafunctions/altshift.inc            ;         ;
; db/cmpr_56j.tdf                  ; yes             ; Auto-Generated Megafunction        ; C:/Users/alsto/Documents/Fall 2021/EECE 2160/Lab 9/debounce_t/db/cmpr_56j.tdf  ;         ;
; db/cntr_6mi.tdf                  ; yes             ; Auto-Generated Megafunction        ; C:/Users/alsto/Documents/Fall 2021/EECE 2160/Lab 9/debounce_t/db/cntr_6mi.tdf  ;         ;
+----------------------------------+-----------------+------------------------------------+--------------------------------------------------------------------------------+---------+


+-----------------------------------------------------------+
; Analysis & Synthesis Resource Usage Summary               ;
+---------------------------------------------+-------------+
; Resource                                    ; Usage       ;
+---------------------------------------------+-------------+
; Estimate of Logic utilization (ALMs needed) ; 23          ;
;                                             ;             ;
; Combinational ALUT usage for logic          ; 40          ;
;     -- 7 input functions                    ; 0           ;
;     -- 6 input functions                    ; 6           ;
;     -- 5 input functions                    ; 0           ;
;     -- 4 input functions                    ; 0           ;
;     -- <=3 input functions                  ; 34          ;
;                                             ;             ;
; Dedicated logic registers                   ; 33          ;
;                                             ;             ;
; I/O pins                                    ; 3           ;
;                                             ;             ;
; Total DSP Blocks                            ; 0           ;
;                                             ;             ;
; Maximum fan-out node                        ; Clock~input ;
; Maximum fan-out                             ; 33          ;
; Total fan-out                               ; 205         ;
; Average fan-out                             ; 2.59        ;
+---------------------------------------------+-------------+


+----------------------------------------------------------------------------------------------------------------------------------------------------------------------------------------------------------------------------------------------------------------------------+
; Analysis & Synthesis Resource Utilization by Entity                                                                                                                                                                                                                        ;
+-------------------------------------------+---------------------+---------------------------+-------------------+------------+------+--------------+------------------------------------------------------------------------------------------+-------------+--------------+
; Compilation Hierarchy Node                ; Combinational ALUTs ; Dedicated Logic Registers ; Block Memory Bits ; DSP Blocks ; Pins ; Virtual Pins ; Full Hierarchy Name                                                                      ; Entity Name ; Library Name ;
+-------------------------------------------+---------------------+---------------------------+-------------------+------------+------+--------------+------------------------------------------------------------------------------------------+-------------+--------------+
; |debounce_t                               ; 40 (0)              ; 33 (0)                    ; 0                 ; 0          ; 3    ; 0            ; |debounce_t                                                                              ; debounce_t  ; work         ;
;    |Compare:Compare|                      ; 7 (0)               ; 0 (0)                     ; 0                 ; 0          ; 0    ; 0            ; |debounce_t|Compare:Compare                                                              ; Compare     ; work         ;
;       |lpm_compare:LPM_COMPARE_component| ; 7 (0)               ; 0 (0)                     ; 0                 ; 0          ; 0    ; 0            ; |debounce_t|Compare:Compare|lpm_compare:LPM_COMPARE_component                            ; lpm_compare ; work         ;
;          |cmpr_56j:auto_generated|        ; 7 (7)               ; 0 (0)                     ; 0                 ; 0          ; 0    ; 0            ; |debounce_t|Compare:Compare|lpm_compare:LPM_COMPARE_component|cmpr_56j:auto_generated    ; cmpr_56j    ; work         ;
;    |Counter1:inst4|                       ; 1 (0)               ; 1 (0)                     ; 0                 ; 0          ; 0    ; 0            ; |debounce_t|Counter1:inst4                                                               ; Counter1    ; work         ;
;       |lpm_counter:LPM_COUNTER_component| ; 1 (0)               ; 1 (0)                     ; 0                 ; 0          ; 0    ; 0            ; |debounce_t|Counter1:inst4|lpm_counter:LPM_COUNTER_component                             ; lpm_counter ; work         ;
;          |cntr_g6i:auto_generated|        ; 1 (1)               ; 1 (1)                     ; 0                 ; 0          ; 0    ; 0            ; |debounce_t|Counter1:inst4|lpm_counter:LPM_COUNTER_component|cntr_g6i:auto_generated     ; cntr_g6i    ; work         ;
;    |Counter32:CounterA|                   ; 32 (0)              ; 32 (0)                    ; 0                 ; 0          ; 0    ; 0            ; |debounce_t|Counter32:CounterA                                                           ; Counter32   ; work         ;
;       |lpm_counter:LPM_COUNTER_component| ; 32 (0)              ; 32 (0)                    ; 0                 ; 0          ; 0    ; 0            ; |debounce_t|Counter32:CounterA|lpm_counter:LPM_COUNTER_component                         ; lpm_counter ; work         ;
;          |cntr_6mi:auto_generated|        ; 32 (32)             ; 32 (32)                   ; 0                 ; 0          ; 0    ; 0            ; |debounce_t|Counter32:CounterA|lpm_counter:LPM_COUNTER_component|cntr_6mi:auto_generated ; cntr_6mi    ; work         ;
+-------------------------------------------+---------------------+---------------------------+-------------------+------------+------+--------------+------------------------------------------------------------------------------------------+-------------+--------------+
Note: For table entries with two numbers listed, the numbers in parentheses indicate the number of resources of the given type used by the specific entity alone. The numbers listed outside of parentheses indicate the total resources of the given type used by the specific entity and all of its sub-entities in the hierarchy.


+------------------------------------------------------------------------------------------------------------------+
; Analysis & Synthesis IP Cores Summary                                                                            ;
+--------+--------------+---------+--------------+--------------+--------------------------------+-----------------+
; Vendor ; IP Core Name ; Version ; Release Date ; License Type ; Entity Instance                ; IP Include File ;
+--------+--------------+---------+--------------+--------------+--------------------------------+-----------------+
; Altera ; LPM_COMPARE  ; 18.1    ; N/A          ; N/A          ; |debounce_t|Compare:Compare    ; Compare.v       ;
; Altera ; LPM_COUNTER  ; 18.1    ; N/A          ; N/A          ; |debounce_t|Counter32:CounterA ; Counter32.v     ;
; Altera ; LPM_COUNTER  ; 18.1    ; N/A          ; N/A          ; |debounce_t|Counter1:inst4     ; Counter1.v      ;
+--------+--------------+---------+--------------+--------------+--------------------------------+-----------------+


+------------------------------------------------------+
; General Register Statistics                          ;
+----------------------------------------------+-------+
; Statistic                                    ; Value ;
+----------------------------------------------+-------+
; Total registers                              ; 33    ;
; Number of registers using Synchronous Clear  ; 0     ;
; Number of registers using Synchronous Load   ; 0     ;
; Number of registers using Asynchronous Clear ; 32    ;
; Number of registers using Asynchronous Load  ; 0     ;
; Number of registers using Clock Enable       ; 1     ;
; Number of registers using Preset             ; 0     ;
+----------------------------------------------+-------+


+-----------------------------------------------------------------------------------------------+
; Parameter Settings for User Entity Instance: Counter1:inst4|lpm_counter:LPM_COUNTER_component ;
+------------------------+-------------+--------------------------------------------------------+
; Parameter Name         ; Value       ; Type                                                   ;
+------------------------+-------------+--------------------------------------------------------+
; AUTO_CARRY_CHAINS      ; ON          ; AUTO_CARRY                                             ;
; IGNORE_CARRY_BUFFERS   ; OFF         ; IGNORE_CARRY                                           ;
; AUTO_CASCADE_CHAINS    ; ON          ; AUTO_CASCADE                                           ;
; IGNORE_CASCADE_BUFFERS ; OFF         ; IGNORE_CASCADE                                         ;
; LPM_WIDTH              ; 1           ; Signed Integer                                         ;
; LPM_DIRECTION          ; UP          ; Untyped                                                ;
; LPM_MODULUS            ; 0           ; Untyped                                                ;
; LPM_AVALUE             ; UNUSED      ; Untyped                                                ;
; LPM_SVALUE             ; UNUSED      ; Untyped                                                ;
; LPM_PORT_UPDOWN        ; PORT_UNUSED ; Untyped                                                ;
; DEVICE_FAMILY          ; Cyclone V   ; Untyped                                                ;
; CARRY_CHAIN            ; MANUAL      ; Untyped                                                ;
; CARRY_CHAIN_LENGTH     ; 48          ; CARRY_CHAIN_LENGTH                                     ;
; NOT_GATE_PUSH_BACK     ; ON          ; NOT_GATE_PUSH_BACK                                     ;
; CARRY_CNT_EN           ; SMART       ; Untyped                                                ;
; LABWIDE_SCLR           ; ON          ; Untyped                                                ;
; USE_NEW_VERSION        ; TRUE        ; Untyped                                                ;
; CBXI_PARAMETER         ; cntr_g6i    ; Untyped                                                ;
+------------------------+-------------+--------------------------------------------------------+
Note: In order to hide this table in the UI and the text report file, please set the "Show Parameter Settings in Synthesis Report" option in "Analysis and Synthesis Settings -> More Settings" to "Off".


+------------------------------------------------------------------------------------------------+
; Parameter Settings for User Entity Instance: Compare:Compare|lpm_compare:LPM_COMPARE_component ;
+------------------------+-----------+-----------------------------------------------------------+
; Parameter Name         ; Value     ; Type                                                      ;
+------------------------+-----------+-----------------------------------------------------------+
; lpm_width              ; 32        ; Signed Integer                                            ;
; LPM_REPRESENTATION     ; UNSIGNED  ; Untyped                                                   ;
; LPM_PIPELINE           ; 0         ; Untyped                                                   ;
; CHAIN_SIZE             ; 8         ; Untyped                                                   ;
; ONE_INPUT_IS_CONSTANT  ; YES       ; Untyped                                                   ;
; CARRY_CHAIN            ; MANUAL    ; Untyped                                                   ;
; CASCADE_CHAIN          ; MANUAL    ; Untyped                                                   ;
; CARRY_CHAIN_LENGTH     ; 48        ; CARRY_CHAIN_LENGTH                                        ;
; CASCADE_CHAIN_LENGTH   ; 2         ; CASCADE_CHAIN_LENGTH                                      ;
; DEVICE_FAMILY          ; Cyclone V ; Untyped                                                   ;
; CBXI_PARAMETER         ; cmpr_56j  ; Untyped                                                   ;
; AUTO_CARRY_CHAINS      ; ON        ; AUTO_CARRY                                                ;
; IGNORE_CARRY_BUFFERS   ; OFF       ; IGNORE_CARRY                                              ;
; AUTO_CASCADE_CHAINS    ; ON        ; AUTO_CASCADE                                              ;
; IGNORE_CASCADE_BUFFERS ; OFF       ; IGNORE_CASCADE                                            ;
+------------------------+-----------+-----------------------------------------------------------+
Note: In order to hide this table in the UI and the text report file, please set the "Show Parameter Settings in Synthesis Report" option in "Analysis and Synthesis Settings -> More Settings" to "Off".


+---------------------------------------------------------------------------------------------------+
; Parameter Settings for User Entity Instance: Counter32:CounterA|lpm_counter:LPM_COUNTER_component ;
+------------------------+-------------+------------------------------------------------------------+
; Parameter Name         ; Value       ; Type                                                       ;
+------------------------+-------------+------------------------------------------------------------+
; AUTO_CARRY_CHAINS      ; ON          ; AUTO_CARRY                                                 ;
; IGNORE_CARRY_BUFFERS   ; OFF         ; IGNORE_CARRY                                               ;
; AUTO_CASCADE_CHAINS    ; ON          ; AUTO_CASCADE                                               ;
; IGNORE_CASCADE_BUFFERS ; OFF         ; IGNORE_CASCADE                                             ;
; LPM_WIDTH              ; 32          ; Signed Integer                                             ;
; LPM_DIRECTION          ; UP          ; Untyped                                                    ;
; LPM_MODULUS            ; 0           ; Untyped                                                    ;
; LPM_AVALUE             ; UNUSED      ; Untyped                                                    ;
; LPM_SVALUE             ; UNUSED      ; Untyped                                                    ;
; LPM_PORT_UPDOWN        ; PORT_UNUSED ; Untyped                                                    ;
; DEVICE_FAMILY          ; Cyclone V   ; Untyped                                                    ;
; CARRY_CHAIN            ; MANUAL      ; Untyped                                                    ;
; CARRY_CHAIN_LENGTH     ; 48          ; CARRY_CHAIN_LENGTH                                         ;
; NOT_GATE_PUSH_BACK     ; ON          ; NOT_GATE_PUSH_BACK                                         ;
; CARRY_CNT_EN           ; SMART       ; Untyped                                                    ;
; LABWIDE_SCLR           ; ON          ; Untyped                                                    ;
; USE_NEW_VERSION        ; TRUE        ; Untyped                                                    ;
; CBXI_PARAMETER         ; cntr_6mi    ; Untyped                                                    ;
+------------------------+-------------+------------------------------------------------------------+
Note: In order to hide this table in the UI and the text report file, please set the "Show Parameter Settings in Synthesis Report" option in "Analysis and Synthesis Settings -> More Settings" to "Off".


+-----------------------------------------------------+
; Post-Synthesis Netlist Statistics for Top Partition ;
+-----------------------+-----------------------------+
; Type                  ; Count                       ;
+-----------------------+-----------------------------+
; arriav_ff             ; 33                          ;
;     CLR               ; 32                          ;
;     ENA               ; 1                           ;
; arriav_lcell_comb     ; 40                          ;
;     arith             ; 32                          ;
;         1 data inputs ; 32                          ;
;     normal            ; 8                           ;
;         1 data inputs ; 1                           ;
;         2 data inputs ; 1                           ;
;         6 data inputs ; 6                           ;
; boundary_port         ; 3                           ;
;                       ;                             ;
; Max LUT depth         ; 4.10                        ;
; Average LUT depth     ; 2.94                        ;
+-----------------------+-----------------------------+


+-------------------------------+
; Elapsed Time Per Partition    ;
+----------------+--------------+
; Partition Name ; Elapsed Time ;
+----------------+--------------+
; Top            ; 00:00:00     ;
+----------------+--------------+


+-------------------------------+
; Analysis & Synthesis Messages ;
+-------------------------------+
Info: *******************************************************************
Info: Running Quartus Prime Analysis & Synthesis
    Info: Version 18.1.0 Build 625 09/12/2018 SJ Lite Edition
    Info: Processing started: Thu Dec 09 15:00:20 2021
Info: Command: quartus_map --read_settings_files=on --write_settings_files=off debounce_t -c debounce_t
Warning (18236): Number of processors has not been specified which may cause overloading on shared machines.  Set the global assignment NUM_PARALLEL_PROCESSORS in your QSF to an appropriate value for best performance.
Info (20030): Parallel compilation is enabled and will use 6 of the 6 processors detected
Info (12021): Found 1 design units, including 1 entities, in source file counter32.v
    Info (12023): Found entity 1: Counter32 File: C:/Users/alsto/Documents/Fall 2021/EECE 2160/Lab 9/debounce_t/Counter32.v Line: 39
Info (12021): Found 1 design units, including 1 entities, in source file debounce_t.bdf
    Info (12023): Found entity 1: debounce_t
Info (12021): Found 1 design units, including 1 entities, in source file compare.v
    Info (12023): Found entity 1: Compare File: C:/Users/alsto/Documents/Fall 2021/EECE 2160/Lab 9/debounce_t/Compare.v Line: 39
Info (12021): Found 1 design units, including 1 entities, in source file counter1.v
    Info (12023): Found entity 1: Counter1 File: C:/Users/alsto/Documents/Fall 2021/EECE 2160/Lab 9/debounce_t/Counter1.v Line: 39
Info (12127): Elaborating entity "debounce_t" for the top level hierarchy
Info (12128): Elaborating entity "Counter1" for hierarchy "Counter1:inst4"
Info (12128): Elaborating entity "lpm_counter" for hierarchy "Counter1:inst4|lpm_counter:LPM_COUNTER_component" File: C:/Users/alsto/Documents/Fall 2021/EECE 2160/Lab 9/debounce_t/Counter1.v Line: 66
Info (12130): Elaborated megafunction instantiation "Counter1:inst4|lpm_counter:LPM_COUNTER_component" File: C:/Users/alsto/Documents/Fall 2021/EECE 2160/Lab 9/debounce_t/Counter1.v Line: 66
Info (12133): Instantiated megafunction "Counter1:inst4|lpm_counter:LPM_COUNTER_component" with the following parameter: File: C:/Users/alsto/Documents/Fall 2021/EECE 2160/Lab 9/debounce_t/Counter1.v Line: 66
    Info (12134): Parameter "lpm_direction" = "UP"
    Info (12134): Parameter "lpm_port_updown" = "PORT_UNUSED"
    Info (12134): Parameter "lpm_type" = "LPM_COUNTER"
    Info (12134): Parameter "lpm_width" = "1"
Info (12021): Found 1 design units, including 1 entities, in source file db/cntr_g6i.tdf
    Info (12023): Found entity 1: cntr_g6i File: C:/Users/alsto/Documents/Fall 2021/EECE 2160/Lab 9/debounce_t/db/cntr_g6i.tdf Line: 25
Info (12128): Elaborating entity "cntr_g6i" for hierarchy "Counter1:inst4|lpm_counter:LPM_COUNTER_component|cntr_g6i:auto_generated" File: c:/intelfpga_lite/18.1/quartus/libraries/megafunctions/lpm_counter.tdf Line: 258
Info (12128): Elaborating entity "Compare" for hierarchy "Compare:Compare"
Info (12128): Elaborating entity "lpm_compare" for hierarchy "Compare:Compare|lpm_compare:LPM_COMPARE_component" File: C:/Users/alsto/Documents/Fall 2021/EECE 2160/Lab 9/debounce_t/Compare.v Line: 61
Info (12130): Elaborated megafunction instantiation "Compare:Compare|lpm_compare:LPM_COMPARE_component" File: C:/Users/alsto/Documents/Fall 2021/EECE 2160/Lab 9/debounce_t/Compare.v Line: 61
Info (12133): Instantiated megafunction "Compare:Compare|lpm_compare:LPM_COMPARE_component" with the following parameter: File: C:/Users/alsto/Documents/Fall 2021/EECE 2160/Lab 9/debounce_t/Compare.v Line: 61
    Info (12134): Parameter "lpm_hint" = "ONE_INPUT_IS_CONSTANT=YES"
    Info (12134): Parameter "lpm_representation" = "UNSIGNED"
    Info (12134): Parameter "lpm_type" = "LPM_COMPARE"
    Info (12134): Parameter "lpm_width" = "32"
Info (12021): Found 1 design units, including 1 entities, in source file db/cmpr_56j.tdf
    Info (12023): Found entity 1: cmpr_56j File: C:/Users/alsto/Documents/Fall 2021/EECE 2160/Lab 9/debounce_t/db/cmpr_56j.tdf Line: 22
Info (12128): Elaborating entity "cmpr_56j" for hierarchy "Compare:Compare|lpm_compare:LPM_COMPARE_component|cmpr_56j:auto_generated" File: c:/intelfpga_lite/18.1/quartus/libraries/megafunctions/lpm_compare.tdf Line: 280
Info (12128): Elaborating entity "Counter32" for hierarchy "Counter32:CounterA"
Info (12128): Elaborating entity "lpm_counter" for hierarchy "Counter32:CounterA|lpm_counter:LPM_COUNTER_component" File: C:/Users/alsto/Documents/Fall 2021/EECE 2160/Lab 9/debounce_t/Counter32.v Line: 68
Info (12130): Elaborated megafunction instantiation "Counter32:CounterA|lpm_counter:LPM_COUNTER_component" File: C:/Users/alsto/Documents/Fall 2021/EECE 2160/Lab 9/debounce_t/Counter32.v Line: 68
Info (12133): Instantiated megafunction "Counter32:CounterA|lpm_counter:LPM_COUNTER_component" with the following parameter: File: C:/Users/alsto/Documents/Fall 2021/EECE 2160/Lab 9/debounce_t/Counter32.v Line: 68
    Info (12134): Parameter "lpm_direction" = "UP"
    Info (12134): Parameter "lpm_port_updown" = "PORT_UNUSED"
    Info (12134): Parameter "lpm_type" = "LPM_COUNTER"
    Info (12134): Parameter "lpm_width" = "32"
Info (12021): Found 1 design units, including 1 entities, in source file db/cntr_6mi.tdf
    Info (12023): Found entity 1: cntr_6mi File: C:/Users/alsto/Documents/Fall 2021/EECE 2160/Lab 9/debounce_t/db/cntr_6mi.tdf Line: 25
Info (12128): Elaborating entity "cntr_6mi" for hierarchy "Counter32:CounterA|lpm_counter:LPM_COUNTER_component|cntr_6mi:auto_generated" File: c:/intelfpga_lite/18.1/quartus/libraries/megafunctions/lpm_counter.tdf Line: 258
Info (286030): Timing-Driven Synthesis is running
Info (16010): Generating hard_block partition "hard_block:auto_generated_inst"
    Info (16011): Adding 0 node(s), including 0 DDIO, 0 PLL, 0 transceiver and 0 LCELL
Info (21057): Implemented 43 device resources after synthesis - the final resource count might be different
    Info (21058): Implemented 2 input pins
    Info (21059): Implemented 1 output pins
    Info (21061): Implemented 40 logic cells
Info: Quartus Prime Analysis & Synthesis was successful. 0 errors, 1 warning
    Info: Peak virtual memory: 4863 megabytes
    Info: Processing ended: Thu Dec 09 15:00:37 2021
    Info: Elapsed time: 00:00:17
    Info: Total CPU time (on all processors): 00:00:31


