Analysis & Synthesis report for CascadeCounters
Thu Dec 09 11:29:26 2021
Quartus Prime Version 18.1.0 Build 625 09/12/2018 SJ Lite Edition


---------------------
; Table of Contents ;
---------------------
  1. Legal Notice
  2. Analysis & Synthesis Summary
  3. Analysis & Synthesis Settings
  4. Parallel Compilation
  5. Analysis & Synthesis Source Files Read
  6. Analysis & Synthesis Resource Usage Summary
  7. Analysis & Synthesis Resource Utilization by Entity
  8. Analysis & Synthesis IP Cores Summary
  9. General Register Statistics
 10. Parameter Settings for User Entity Instance: display_8bits:inst|div8u:inst|lpm_divide:LPM_DIVIDE_component
 11. Parameter Settings for User Entity Instance: display_8bits:inst|const10:inst3|lpm_constant:LPM_CONSTANT_component
 12. Parameter Settings for User Entity Instance: display_8bits:inst|div8u:inst1|lpm_divide:LPM_DIVIDE_component
 13. Parameter Settings for User Entity Instance: display_8bits:inst|comp0:inst5|lpm_compare:LPM_COMPARE_component
 14. Parameter Settings for User Entity Instance: display_8bits:inst|div8u:inst2|lpm_divide:LPM_DIVIDE_component
 15. Parameter Settings for User Entity Instance: display_8bits:inst|comp0:inst4|lpm_compare:LPM_COMPARE_component
 16. Parameter Settings for User Entity Instance: Counter225:inst4|lpm_counter:LPM_COUNTER_component
 17. Parameter Settings for User Entity Instance: Compare1:inst3|lpm_compare:LPM_COMPARE_component
 18. Parameter Settings for User Entity Instance: Counter50M:inst2|lpm_counter:LPM_COUNTER_component
 19. Post-Synthesis Netlist Statistics for Top Partition
 20. Elapsed Time Per Partition
 21. Analysis & Synthesis Messages



----------------
; Legal Notice ;
----------------
Copyright (C) 2018  Intel Corporation. All rights reserved.
Your use of Intel Corporation's design tools, logic functions 
and other software and tools, and its AMPP partner logic 
functions, and any output files from any of the foregoing 
(including device programming or simulation files), and any 
associated documentation or information are expressly subject 
to the terms and conditions of the Intel Program License 
Subscription Agreement, the Intel Quartus Prime License Agreement,
the Intel FPGA IP License Agreement, or other applicable license
agreement, including, without limitation, that your use is for
the sole purpose of programming logic devices manufactured by
Intel and sold by Intel or its authorized distributors.  Please
refer to the applicable agreement for further details.



+-------------------------------------------------------------------------------+
; Analysis & Synthesis Summary                                                  ;
+---------------------------------+---------------------------------------------+
; Analysis & Synthesis Status     ; Successful - Thu Dec 09 11:29:26 2021       ;
; Quartus Prime Version           ; 18.1.0 Build 625 09/12/2018 SJ Lite Edition ;
; Revision Name                   ; CascadeCounters                             ;
; Top-level Entity Name           ; counter_8bits                               ;
; Family                          ; Cyclone V                                   ;
; Logic utilization (in ALMs)     ; N/A                                         ;
; Total registers                 ; 34                                          ;
; Total pins                      ; 22                                          ;
; Total virtual pins              ; 0                                           ;
; Total block memory bits         ; 0                                           ;
; Total DSP Blocks                ; 0                                           ;
; Total HSSI RX PCSs              ; 0                                           ;
; Total HSSI PMA RX Deserializers ; 0                                           ;
; Total HSSI TX PCSs              ; 0                                           ;
; Total HSSI PMA TX Serializers   ; 0                                           ;
; Total PLLs                      ; 0                                           ;
; Total DLLs                      ; 0                                           ;
+---------------------------------+---------------------------------------------+


+---------------------------------------------------------------------------------------------------------------------------+
; Analysis & Synthesis Settings                                                                                             ;
+---------------------------------------------------------------------------------+--------------------+--------------------+
; Option                                                                          ; Setting            ; Default Value      ;
+---------------------------------------------------------------------------------+--------------------+--------------------+
; Device                                                                          ; 5CSEMA5F31C6       ;                    ;
; Top-level entity name                                                           ; counter_8bits      ; CascadeCounters    ;
; Family name                                                                     ; Cyclone V          ; Cyclone V          ;
; Use smart compilation                                                           ; Off                ; Off                ;
; Enable parallel Assembler and Timing Analyzer during compilation                ; On                 ; On                 ;
; Enable compact report table                                                     ; Off                ; Off                ;
; Restructure Multiplexers                                                        ; Auto               ; Auto               ;
; MLAB Add Timing Constraints For Mixed-Port Feed-Through Mode Setting Don't Care ; Off                ; Off                ;
; Create Debugging Nodes for IP Cores                                             ; Off                ; Off                ;
; Preserve fewer node names                                                       ; On                 ; On                 ;
; Intel FPGA IP Evaluation Mode                                                   ; Enable             ; Enable             ;
; Verilog Version                                                                 ; Verilog_2001       ; Verilog_2001       ;
; VHDL Version                                                                    ; VHDL_1993          ; VHDL_1993          ;
; State Machine Processing                                                        ; Auto               ; Auto               ;
; Safe State Machine                                                              ; Off                ; Off                ;
; Extract Verilog State Machines                                                  ; On                 ; On                 ;
; Extract VHDL State Machines                                                     ; On                 ; On                 ;
; Ignore Verilog initial constructs                                               ; Off                ; Off                ;
; Iteration limit for constant Verilog loops                                      ; 5000               ; 5000               ;
; Iteration limit for non-constant Verilog loops                                  ; 250                ; 250                ;
; Add Pass-Through Logic to Inferred RAMs                                         ; On                 ; On                 ;
; Infer RAMs from Raw Logic                                                       ; On                 ; On                 ;
; Parallel Synthesis                                                              ; On                 ; On                 ;
; DSP Block Balancing                                                             ; Auto               ; Auto               ;
; NOT Gate Push-Back                                                              ; On                 ; On                 ;
; Power-Up Don't Care                                                             ; On                 ; On                 ;
; Remove Redundant Logic Cells                                                    ; Off                ; Off                ;
; Remove Duplicate Registers                                                      ; On                 ; On                 ;
; Ignore CARRY Buffers                                                            ; Off                ; Off                ;
; Ignore CASCADE Buffers                                                          ; Off                ; Off                ;
; Ignore GLOBAL Buffers                                                           ; Off                ; Off                ;
; Ignore ROW GLOBAL Buffers                                                       ; Off                ; Off                ;
; Ignore LCELL Buffers                                                            ; Off                ; Off                ;
; Ignore SOFT Buffers                                                             ; On                 ; On                 ;
; Limit AHDL Integers to 32 Bits                                                  ; Off                ; Off                ;
; Optimization Technique                                                          ; Balanced           ; Balanced           ;
; Carry Chain Length                                                              ; 70                 ; 70                 ;
; Auto Carry Chains                                                               ; On                 ; On                 ;
; Auto Open-Drain Pins                                                            ; On                 ; On                 ;
; Perform WYSIWYG Primitive Resynthesis                                           ; Off                ; Off                ;
; Auto ROM Replacement                                                            ; On                 ; On                 ;
; Auto RAM Replacement                                                            ; On                 ; On                 ;
; Auto DSP Block Replacement                                                      ; On                 ; On                 ;
; Auto Shift Register Replacement                                                 ; Auto               ; Auto               ;
; Allow Shift Register Merging across Hierarchies                                 ; Auto               ; Auto               ;
; Auto Clock Enable Replacement                                                   ; On                 ; On                 ;
; Strict RAM Replacement                                                          ; Off                ; Off                ;
; Allow Synchronous Control Signals                                               ; On                 ; On                 ;
; Force Use of Synchronous Clear Signals                                          ; Off                ; Off                ;
; Auto Resource Sharing                                                           ; Off                ; Off                ;
; Allow Any RAM Size For Recognition                                              ; Off                ; Off                ;
; Allow Any ROM Size For Recognition                                              ; Off                ; Off                ;
; Allow Any Shift Register Size For Recognition                                   ; Off                ; Off                ;
; Use LogicLock Constraints during Resource Balancing                             ; On                 ; On                 ;
; Ignore translate_off and synthesis_off directives                               ; Off                ; Off                ;
; Timing-Driven Synthesis                                                         ; On                 ; On                 ;
; Report Parameter Settings                                                       ; On                 ; On                 ;
; Report Source Assignments                                                       ; On                 ; On                 ;
; Report Connectivity Checks                                                      ; On                 ; On                 ;
; Ignore Maximum Fan-Out Assignments                                              ; Off                ; Off                ;
; Synchronization Register Chain Length                                           ; 3                  ; 3                  ;
; Power Optimization During Synthesis                                             ; Normal compilation ; Normal compilation ;
; HDL message level                                                               ; Level2             ; Level2             ;
; Suppress Register Optimization Related Messages                                 ; Off                ; Off                ;
; Number of Removed Registers Reported in Synthesis Report                        ; 5000               ; 5000               ;
; Number of Swept Nodes Reported in Synthesis Report                              ; 5000               ; 5000               ;
; Number of Inverted Registers Reported in Synthesis Report                       ; 100                ; 100                ;
; Clock MUX Protection                                                            ; On                 ; On                 ;
; Auto Gated Clock Conversion                                                     ; Off                ; Off                ;
; Block Design Naming                                                             ; Auto               ; Auto               ;
; SDC constraint protection                                                       ; Off                ; Off                ;
; Synthesis Effort                                                                ; Auto               ; Auto               ;
; Shift Register Replacement - Allow Asynchronous Clear Signal                    ; On                 ; On                 ;
; Pre-Mapping Resynthesis Optimization                                            ; Off                ; Off                ;
; Analysis & Synthesis Message Level                                              ; Medium             ; Medium             ;
; Disable Register Merging Across Hierarchies                                     ; Auto               ; Auto               ;
; Resource Aware Inference For Block RAM                                          ; On                 ; On                 ;
; Automatic Parallel Synthesis                                                    ; On                 ; On                 ;
; Partial Reconfiguration Bitstream ID                                            ; Off                ; Off                ;
+---------------------------------------------------------------------------------+--------------------+--------------------+


+------------------------------------------+
; Parallel Compilation                     ;
+----------------------------+-------------+
; Processors                 ; Number      ;
+----------------------------+-------------+
; Number detected on machine ; 12          ;
; Maximum allowed            ; 6           ;
;                            ;             ;
; Average used               ; 1.00        ;
; Maximum used               ; 6           ;
;                            ;             ;
; Usage by Processor         ; % Time Used ;
;     Processor 1            ; 100.0%      ;
;     Processors 2-6         ;   0.0%      ;
+----------------------------+-------------+


+---------------------------------------------------------------------------------------------------------------------------------------------------------------------------------------------------------+
; Analysis & Synthesis Source Files Read                                                                                                                                                                  ;
+----------------------------------+-----------------+------------------------------------------+-----------------------------------------------------------------------------------------------+---------+
; File Name with User-Entered Path ; Used in Netlist ; File Type                                ; File Name with Absolute Path                                                                  ; Library ;
+----------------------------------+-----------------+------------------------------------------+-----------------------------------------------------------------------------------------------+---------+
; counter_8bits.bdf                ; yes             ; User Block Diagram/Schematic File        ; C:/Users/alsto/Documents/Fall 2021/EECE 2160/Lab 9/CascadeCounters/counter_8bits.bdf          ;         ;
; Compare1.v                       ; yes             ; User Wizard-Generated File               ; C:/Users/alsto/Documents/Fall 2021/EECE 2160/Lab 9/CascadeCounters/Compare1.v                 ;         ;
; display_8bits.bdf                ; yes             ; Auto-Found Block Diagram/Schematic File  ; C:/Users/alsto/Documents/Fall 2021/EECE 2160/Lab 9/CascadeCounters/display_8bits.bdf          ;         ;
; display7.bdf                     ; yes             ; Auto-Found Block Diagram/Schematic File  ; C:/Users/alsto/Documents/Fall 2021/EECE 2160/Lab 9/CascadeCounters/display7.bdf               ;         ;
; a.bdf                            ; yes             ; Auto-Found Block Diagram/Schematic File  ; C:/Users/alsto/Documents/Fall 2021/EECE 2160/Lab 9/CascadeCounters/a.bdf                      ;         ;
; b.bdf                            ; yes             ; Auto-Found Block Diagram/Schematic File  ; C:/Users/alsto/Documents/Fall 2021/EECE 2160/Lab 9/CascadeCounters/b.bdf                      ;         ;
; c.bdf                            ; yes             ; Auto-Found Block Diagram/Schematic File  ; C:/Users/alsto/Documents/Fall 2021/EECE 2160/Lab 9/CascadeCounters/c.bdf                      ;         ;
; d.bdf                            ; yes             ; Auto-Found Block Diagram/Schematic File  ; C:/Users/alsto/Documents/Fall 2021/EECE 2160/Lab 9/CascadeCounters/d.bdf                      ;         ;
; e.bdf                            ; yes             ; Auto-Found Block Diagram/Schematic File  ; C:/Users/alsto/Documents/Fall 2021/EECE 2160/Lab 9/CascadeCounters/e.bdf                      ;         ;
; f.bdf                            ; yes             ; Auto-Found Block Diagram/Schematic File  ; C:/Users/alsto/Documents/Fall 2021/EECE 2160/Lab 9/CascadeCounters/f.bdf                      ;         ;
; g.bdf                            ; yes             ; Auto-Found Block Diagram/Schematic File  ; C:/Users/alsto/Documents/Fall 2021/EECE 2160/Lab 9/CascadeCounters/g.bdf                      ;         ;
; div8u.v                          ; yes             ; Auto-Found Wizard-Generated File         ; C:/Users/alsto/Documents/Fall 2021/EECE 2160/Lab 9/CascadeCounters/div8u.v                    ;         ;
; lpm_divide.tdf                   ; yes             ; Megafunction                             ; c:/intelfpga_lite/18.1/quartus/libraries/megafunctions/lpm_divide.tdf                         ;         ;
; abs_divider.inc                  ; yes             ; Megafunction                             ; c:/intelfpga_lite/18.1/quartus/libraries/megafunctions/abs_divider.inc                        ;         ;
; sign_div_unsign.inc              ; yes             ; Megafunction                             ; c:/intelfpga_lite/18.1/quartus/libraries/megafunctions/sign_div_unsign.inc                    ;         ;
; aglobal181.inc                   ; yes             ; Megafunction                             ; c:/intelfpga_lite/18.1/quartus/libraries/megafunctions/aglobal181.inc                         ;         ;
; db/lpm_divide_kes.tdf            ; yes             ; Auto-Generated Megafunction              ; C:/Users/alsto/Documents/Fall 2021/EECE 2160/Lab 9/CascadeCounters/db/lpm_divide_kes.tdf      ;         ;
; db/sign_div_unsign_fkh.tdf       ; yes             ; Auto-Generated Megafunction              ; C:/Users/alsto/Documents/Fall 2021/EECE 2160/Lab 9/CascadeCounters/db/sign_div_unsign_fkh.tdf ;         ;
; db/alt_u_div_4te.tdf             ; yes             ; Auto-Generated Megafunction              ; C:/Users/alsto/Documents/Fall 2021/EECE 2160/Lab 9/CascadeCounters/db/alt_u_div_4te.tdf       ;         ;
; const10.v                        ; yes             ; Auto-Found Wizard-Generated File         ; C:/Users/alsto/Documents/Fall 2021/EECE 2160/Lab 9/CascadeCounters/const10.v                  ;         ;
; lpm_constant.tdf                 ; yes             ; Megafunction                             ; c:/intelfpga_lite/18.1/quartus/libraries/megafunctions/lpm_constant.tdf                       ;         ;
; display7_en.bdf                  ; yes             ; Auto-Found Block Diagram/Schematic File  ; C:/Users/alsto/Documents/Fall 2021/EECE 2160/Lab 9/CascadeCounters/display7_en.bdf            ;         ;
; comp0.v                          ; yes             ; Auto-Found Wizard-Generated File         ; C:/Users/alsto/Documents/Fall 2021/EECE 2160/Lab 9/CascadeCounters/comp0.v                    ;         ;
; lpm_compare.tdf                  ; yes             ; Megafunction                             ; c:/intelfpga_lite/18.1/quartus/libraries/megafunctions/lpm_compare.tdf                        ;         ;
; comptree.inc                     ; yes             ; Megafunction                             ; c:/intelfpga_lite/18.1/quartus/libraries/megafunctions/comptree.inc                           ;         ;
; altshift.inc                     ; yes             ; Megafunction                             ; c:/intelfpga_lite/18.1/quartus/libraries/megafunctions/altshift.inc                           ;         ;
; db/cmpr_uji.tdf                  ; yes             ; Auto-Generated Megafunction              ; C:/Users/alsto/Documents/Fall 2021/EECE 2160/Lab 9/CascadeCounters/db/cmpr_uji.tdf            ;         ;
; counter225.v                     ; yes             ; Auto-Found Wizard-Generated File         ; C:/Users/alsto/Documents/Fall 2021/EECE 2160/Lab 9/CascadeCounters/counter225.v               ;         ;
; lpm_counter.tdf                  ; yes             ; Megafunction                             ; c:/intelfpga_lite/18.1/quartus/libraries/megafunctions/lpm_counter.tdf                        ;         ;
; lpm_constant.inc                 ; yes             ; Megafunction                             ; c:/intelfpga_lite/18.1/quartus/libraries/megafunctions/lpm_constant.inc                       ;         ;
; lpm_decode.inc                   ; yes             ; Megafunction                             ; c:/intelfpga_lite/18.1/quartus/libraries/megafunctions/lpm_decode.inc                         ;         ;
; lpm_add_sub.inc                  ; yes             ; Megafunction                             ; c:/intelfpga_lite/18.1/quartus/libraries/megafunctions/lpm_add_sub.inc                        ;         ;
; cmpconst.inc                     ; yes             ; Megafunction                             ; c:/intelfpga_lite/18.1/quartus/libraries/megafunctions/cmpconst.inc                           ;         ;
; lpm_compare.inc                  ; yes             ; Megafunction                             ; c:/intelfpga_lite/18.1/quartus/libraries/megafunctions/lpm_compare.inc                        ;         ;
; lpm_counter.inc                  ; yes             ; Megafunction                             ; c:/intelfpga_lite/18.1/quartus/libraries/megafunctions/lpm_counter.inc                        ;         ;
; dffeea.inc                       ; yes             ; Megafunction                             ; c:/intelfpga_lite/18.1/quartus/libraries/megafunctions/dffeea.inc                             ;         ;
; alt_counter_stratix.inc          ; yes             ; Megafunction                             ; c:/intelfpga_lite/18.1/quartus/libraries/megafunctions/alt_counter_stratix.inc                ;         ;
; db/cntr_n6i.tdf                  ; yes             ; Auto-Generated Megafunction              ; C:/Users/alsto/Documents/Fall 2021/EECE 2160/Lab 9/CascadeCounters/db/cntr_n6i.tdf            ;         ;
; db/cmpr_86j.tdf                  ; yes             ; Auto-Generated Megafunction              ; C:/Users/alsto/Documents/Fall 2021/EECE 2160/Lab 9/CascadeCounters/db/cmpr_86j.tdf            ;         ;
; counter50m.v                     ; yes             ; Auto-Found Wizard-Generated File         ; C:/Users/alsto/Documents/Fall 2021/EECE 2160/Lab 9/CascadeCounters/counter50m.v               ;         ;
; db/cntr_38j.tdf                  ; yes             ; Auto-Generated Megafunction              ; C:/Users/alsto/Documents/Fall 2021/EECE 2160/Lab 9/CascadeCounters/db/cntr_38j.tdf            ;         ;
; db/cmpr_0bc.tdf                  ; yes             ; Auto-Generated Megafunction              ; C:/Users/alsto/Documents/Fall 2021/EECE 2160/Lab 9/CascadeCounters/db/cmpr_0bc.tdf            ;         ;
+----------------------------------+-----------------+------------------------------------------+-----------------------------------------------------------------------------------------------+---------+


+-----------------------------------------------------------+
; Analysis & Synthesis Resource Usage Summary               ;
+---------------------------------------------+-------------+
; Resource                                    ; Usage       ;
+---------------------------------------------+-------------+
; Estimate of Logic utilization (ALMs needed) ; 45          ;
;                                             ;             ;
; Combinational ALUT usage for logic          ; 83          ;
;     -- 7 input functions                    ; 0           ;
;     -- 6 input functions                    ; 6           ;
;     -- 5 input functions                    ; 16          ;
;     -- 4 input functions                    ; 13          ;
;     -- <=3 input functions                  ; 48          ;
;                                             ;             ;
; Dedicated logic registers                   ; 34          ;
;                                             ;             ;
; I/O pins                                    ; 22          ;
;                                             ;             ;
; Total DSP Blocks                            ; 0           ;
;                                             ;             ;
; Maximum fan-out node                        ; Clock~input ;
; Maximum fan-out                             ; 34          ;
; Total fan-out                               ; 433         ;
; Average fan-out                             ; 2.69        ;
+---------------------------------------------+-------------+


+------------------------------------------------------------------------------------------------------------------------------------------------------------------------------------------------------------------------------------------------------------------------------------------------------------------------------------------------------------+
; Analysis & Synthesis Resource Utilization by Entity                                                                                                                                                                                                                                                                                                        ;
+----------------------------------------------+---------------------+---------------------------+-------------------+------------+------+--------------+---------------------------------------------------------------------------------------------------------------------------------------------------------------+---------------------+--------------+
; Compilation Hierarchy Node                   ; Combinational ALUTs ; Dedicated Logic Registers ; Block Memory Bits ; DSP Blocks ; Pins ; Virtual Pins ; Full Hierarchy Name                                                                                                                                           ; Entity Name         ; Library Name ;
+----------------------------------------------+---------------------+---------------------------+-------------------+------------+------+--------------+---------------------------------------------------------------------------------------------------------------------------------------------------------------+---------------------+--------------+
; |counter_8bits                               ; 83 (1)              ; 34 (0)                    ; 0                 ; 0          ; 22   ; 0            ; |counter_8bits                                                                                                                                                ; counter_8bits       ; work         ;
;    |Compare1:inst3|                          ; 4 (0)               ; 0 (0)                     ; 0                 ; 0          ; 0    ; 0            ; |counter_8bits|Compare1:inst3                                                                                                                                 ; Compare1            ; work         ;
;       |lpm_compare:LPM_COMPARE_component|    ; 4 (0)               ; 0 (0)                     ; 0                 ; 0          ; 0    ; 0            ; |counter_8bits|Compare1:inst3|lpm_compare:LPM_COMPARE_component                                                                                               ; lpm_compare         ; work         ;
;          |cmpr_86j:auto_generated|           ; 4 (4)               ; 0 (0)                     ; 0                 ; 0          ; 0    ; 0            ; |counter_8bits|Compare1:inst3|lpm_compare:LPM_COMPARE_component|cmpr_86j:auto_generated                                                                       ; cmpr_86j            ; work         ;
;    |Counter225:inst4|                        ; 8 (0)               ; 8 (0)                     ; 0                 ; 0          ; 0    ; 0            ; |counter_8bits|Counter225:inst4                                                                                                                               ; Counter225          ; work         ;
;       |lpm_counter:LPM_COUNTER_component|    ; 8 (0)               ; 8 (0)                     ; 0                 ; 0          ; 0    ; 0            ; |counter_8bits|Counter225:inst4|lpm_counter:LPM_COUNTER_component                                                                                             ; lpm_counter         ; work         ;
;          |cntr_n6i:auto_generated|           ; 8 (8)               ; 8 (8)                     ; 0                 ; 0          ; 0    ; 0            ; |counter_8bits|Counter225:inst4|lpm_counter:LPM_COUNTER_component|cntr_n6i:auto_generated                                                                     ; cntr_n6i            ; work         ;
;    |Counter50M:inst2|                        ; 34 (0)              ; 26 (0)                    ; 0                 ; 0          ; 0    ; 0            ; |counter_8bits|Counter50M:inst2                                                                                                                               ; Counter50M          ; work         ;
;       |lpm_counter:LPM_COUNTER_component|    ; 34 (0)              ; 26 (0)                    ; 0                 ; 0          ; 0    ; 0            ; |counter_8bits|Counter50M:inst2|lpm_counter:LPM_COUNTER_component                                                                                             ; lpm_counter         ; work         ;
;          |cntr_38j:auto_generated|           ; 34 (28)             ; 26 (26)                   ; 0                 ; 0          ; 0    ; 0            ; |counter_8bits|Counter50M:inst2|lpm_counter:LPM_COUNTER_component|cntr_38j:auto_generated                                                                     ; cntr_38j            ; work         ;
;             |cmpr_0bc:cmpr1|                 ; 6 (6)               ; 0 (0)                     ; 0                 ; 0          ; 0    ; 0            ; |counter_8bits|Counter50M:inst2|lpm_counter:LPM_COUNTER_component|cntr_38j:auto_generated|cmpr_0bc:cmpr1                                                      ; cmpr_0bc            ; work         ;
;    |display_8bits:inst|                      ; 36 (0)              ; 0 (0)                     ; 0                 ; 0          ; 0    ; 0            ; |counter_8bits|display_8bits:inst                                                                                                                             ; display_8bits       ; work         ;
;       |comp0:inst5|                          ; 1 (0)               ; 0 (0)                     ; 0                 ; 0          ; 0    ; 0            ; |counter_8bits|display_8bits:inst|comp0:inst5                                                                                                                 ; comp0               ; work         ;
;          |lpm_compare:LPM_COMPARE_component| ; 1 (0)               ; 0 (0)                     ; 0                 ; 0          ; 0    ; 0            ; |counter_8bits|display_8bits:inst|comp0:inst5|lpm_compare:LPM_COMPARE_component                                                                               ; lpm_compare         ; work         ;
;             |cmpr_uji:auto_generated|        ; 1 (1)               ; 0 (0)                     ; 0                 ; 0          ; 0    ; 0            ; |counter_8bits|display_8bits:inst|comp0:inst5|lpm_compare:LPM_COMPARE_component|cmpr_uji:auto_generated                                                       ; cmpr_uji            ; work         ;
;       |display7:inst99|                      ; 7 (0)               ; 0 (0)                     ; 0                 ; 0          ; 0    ; 0            ; |counter_8bits|display_8bits:inst|display7:inst99                                                                                                             ; display7            ; work         ;
;          |a:inst98|                          ; 1 (1)               ; 0 (0)                     ; 0                 ; 0          ; 0    ; 0            ; |counter_8bits|display_8bits:inst|display7:inst99|a:inst98                                                                                                    ; a                   ; work         ;
;          |b:inst97|                          ; 1 (1)               ; 0 (0)                     ; 0                 ; 0          ; 0    ; 0            ; |counter_8bits|display_8bits:inst|display7:inst99|b:inst97                                                                                                    ; b                   ; work         ;
;          |c:inst96|                          ; 1 (1)               ; 0 (0)                     ; 0                 ; 0          ; 0    ; 0            ; |counter_8bits|display_8bits:inst|display7:inst99|c:inst96                                                                                                    ; c                   ; work         ;
;          |d:inst95|                          ; 1 (1)               ; 0 (0)                     ; 0                 ; 0          ; 0    ; 0            ; |counter_8bits|display_8bits:inst|display7:inst99|d:inst95                                                                                                    ; d                   ; work         ;
;          |e:inst84|                          ; 1 (1)               ; 0 (0)                     ; 0                 ; 0          ; 0    ; 0            ; |counter_8bits|display_8bits:inst|display7:inst99|e:inst84                                                                                                    ; e                   ; work         ;
;          |f:inst83|                          ; 1 (1)               ; 0 (0)                     ; 0                 ; 0          ; 0    ; 0            ; |counter_8bits|display_8bits:inst|display7:inst99|f:inst83                                                                                                    ; f                   ; work         ;
;          |g:inst82|                          ; 1 (1)               ; 0 (0)                     ; 0                 ; 0          ; 0    ; 0            ; |counter_8bits|display_8bits:inst|display7:inst99|g:inst82                                                                                                    ; g                   ; work         ;
;       |display7_en:inst7|                    ; 1 (1)               ; 0 (0)                     ; 0                 ; 0          ; 0    ; 0            ; |counter_8bits|display_8bits:inst|display7_en:inst7                                                                                                           ; display7_en         ; work         ;
;       |display7_en:inst8|                    ; 7 (7)               ; 0 (0)                     ; 0                 ; 0          ; 0    ; 0            ; |counter_8bits|display_8bits:inst|display7_en:inst8                                                                                                           ; display7_en         ; work         ;
;       |div8u:inst1|                          ; 2 (0)               ; 0 (0)                     ; 0                 ; 0          ; 0    ; 0            ; |counter_8bits|display_8bits:inst|div8u:inst1                                                                                                                 ; div8u               ; work         ;
;          |lpm_divide:LPM_DIVIDE_component|   ; 2 (0)               ; 0 (0)                     ; 0                 ; 0          ; 0    ; 0            ; |counter_8bits|display_8bits:inst|div8u:inst1|lpm_divide:LPM_DIVIDE_component                                                                                 ; lpm_divide          ; work         ;
;             |lpm_divide_kes:auto_generated|  ; 2 (0)               ; 0 (0)                     ; 0                 ; 0          ; 0    ; 0            ; |counter_8bits|display_8bits:inst|div8u:inst1|lpm_divide:LPM_DIVIDE_component|lpm_divide_kes:auto_generated                                                   ; lpm_divide_kes      ; work         ;
;                |sign_div_unsign_fkh:divider| ; 2 (0)               ; 0 (0)                     ; 0                 ; 0          ; 0    ; 0            ; |counter_8bits|display_8bits:inst|div8u:inst1|lpm_divide:LPM_DIVIDE_component|lpm_divide_kes:auto_generated|sign_div_unsign_fkh:divider                       ; sign_div_unsign_fkh ; work         ;
;                   |alt_u_div_4te:divider|    ; 2 (2)               ; 0 (0)                     ; 0                 ; 0          ; 0    ; 0            ; |counter_8bits|display_8bits:inst|div8u:inst1|lpm_divide:LPM_DIVIDE_component|lpm_divide_kes:auto_generated|sign_div_unsign_fkh:divider|alt_u_div_4te:divider ; alt_u_div_4te       ; work         ;
;       |div8u:inst|                           ; 18 (0)              ; 0 (0)                     ; 0                 ; 0          ; 0    ; 0            ; |counter_8bits|display_8bits:inst|div8u:inst                                                                                                                  ; div8u               ; work         ;
;          |lpm_divide:LPM_DIVIDE_component|   ; 18 (0)              ; 0 (0)                     ; 0                 ; 0          ; 0    ; 0            ; |counter_8bits|display_8bits:inst|div8u:inst|lpm_divide:LPM_DIVIDE_component                                                                                  ; lpm_divide          ; work         ;
;             |lpm_divide_kes:auto_generated|  ; 18 (0)              ; 0 (0)                     ; 0                 ; 0          ; 0    ; 0            ; |counter_8bits|display_8bits:inst|div8u:inst|lpm_divide:LPM_DIVIDE_component|lpm_divide_kes:auto_generated                                                    ; lpm_divide_kes      ; work         ;
;                |sign_div_unsign_fkh:divider| ; 18 (0)              ; 0 (0)                     ; 0                 ; 0          ; 0    ; 0            ; |counter_8bits|display_8bits:inst|div8u:inst|lpm_divide:LPM_DIVIDE_component|lpm_divide_kes:auto_generated|sign_div_unsign_fkh:divider                        ; sign_div_unsign_fkh ; work         ;
;                   |alt_u_div_4te:divider|    ; 18 (18)             ; 0 (0)                     ; 0                 ; 0          ; 0    ; 0            ; |counter_8bits|display_8bits:inst|div8u:inst|lpm_divide:LPM_DIVIDE_component|lpm_divide_kes:auto_generated|sign_div_unsign_fkh:divider|alt_u_div_4te:divider  ; alt_u_div_4te       ; work         ;
+----------------------------------------------+---------------------+---------------------------+-------------------+------------+------+--------------+---------------------------------------------------------------------------------------------------------------------------------------------------------------+---------------------+--------------+
Note: For table entries with two numbers listed, the numbers in parentheses indicate the number of resources of the given type used by the specific entity alone. The numbers listed outside of parentheses indicate the total resources of the given type used by the specific entity and all of its sub-entities in the hierarchy.


+-----------------------------------------------------------------------------------------------------------------+
; Analysis & Synthesis IP Cores Summary                                                                           ;
+--------+--------------+---------+--------------+--------------+-------------------------------+-----------------+
; Vendor ; IP Core Name ; Version ; Release Date ; License Type ; Entity Instance               ; IP Include File ;
+--------+--------------+---------+--------------+--------------+-------------------------------+-----------------+
; Altera ; LPM_COMPARE  ; 18.1    ; N/A          ; N/A          ; |counter_8bits|Compare1:inst3 ; Compare1.v      ;
+--------+--------------+---------+--------------+--------------+-------------------------------+-----------------+


+------------------------------------------------------+
; General Register Statistics                          ;
+----------------------------------------------+-------+
; Statistic                                    ; Value ;
+----------------------------------------------+-------+
; Total registers                              ; 34    ;
; Number of registers using Synchronous Clear  ; 0     ;
; Number of registers using Synchronous Load   ; 26    ;
; Number of registers using Asynchronous Clear ; 0     ;
; Number of registers using Asynchronous Load  ; 0     ;
; Number of registers using Clock Enable       ; 8     ;
; Number of registers using Preset             ; 0     ;
+----------------------------------------------+-------+


+------------------------------------------------------------------------------------------------------------+
; Parameter Settings for User Entity Instance: display_8bits:inst|div8u:inst|lpm_divide:LPM_DIVIDE_component ;
+------------------------+----------------+------------------------------------------------------------------+
; Parameter Name         ; Value          ; Type                                                             ;
+------------------------+----------------+------------------------------------------------------------------+
; LPM_WIDTHN             ; 8              ; Signed Integer                                                   ;
; LPM_WIDTHD             ; 8              ; Signed Integer                                                   ;
; LPM_NREPRESENTATION    ; UNSIGNED       ; Untyped                                                          ;
; LPM_DREPRESENTATION    ; UNSIGNED       ; Untyped                                                          ;
; LPM_PIPELINE           ; 0              ; Untyped                                                          ;
; LPM_REMAINDERPOSITIVE  ; TRUE           ; Untyped                                                          ;
; MAXIMIZE_SPEED         ; 5              ; Untyped                                                          ;
; CBXI_PARAMETER         ; lpm_divide_kes ; Untyped                                                          ;
; CARRY_CHAIN            ; MANUAL         ; Untyped                                                          ;
; OPTIMIZE_FOR_SPEED     ; 5              ; Untyped                                                          ;
; AUTO_CARRY_CHAINS      ; ON             ; AUTO_CARRY                                                       ;
; IGNORE_CARRY_BUFFERS   ; OFF            ; IGNORE_CARRY                                                     ;
; AUTO_CASCADE_CHAINS    ; ON             ; AUTO_CASCADE                                                     ;
; IGNORE_CASCADE_BUFFERS ; OFF            ; IGNORE_CASCADE                                                   ;
+------------------------+----------------+------------------------------------------------------------------+
Note: In order to hide this table in the UI and the text report file, please set the "Show Parameter Settings in Synthesis Report" option in "Analysis and Synthesis Settings -> More Settings" to "Off".


+-------------------------------------------------------------------------------------------------------------------+
; Parameter Settings for User Entity Instance: display_8bits:inst|const10:inst3|lpm_constant:LPM_CONSTANT_component ;
+--------------------+------------------+---------------------------------------------------------------------------+
; Parameter Name     ; Value            ; Type                                                                      ;
+--------------------+------------------+---------------------------------------------------------------------------+
; LPM_WIDTH          ; 8                ; Signed Integer                                                            ;
; LPM_CVALUE         ; 10               ; Signed Integer                                                            ;
; ENABLE_RUNTIME_MOD ; NO               ; Untyped                                                                   ;
; CBXI_PARAMETER     ; lpm_constant_bh6 ; Untyped                                                                   ;
+--------------------+------------------+---------------------------------------------------------------------------+
Note: In order to hide this table in the UI and the text report file, please set the "Show Parameter Settings in Synthesis Report" option in "Analysis and Synthesis Settings -> More Settings" to "Off".


+-------------------------------------------------------------------------------------------------------------+
; Parameter Settings for User Entity Instance: display_8bits:inst|div8u:inst1|lpm_divide:LPM_DIVIDE_component ;
+------------------------+----------------+-------------------------------------------------------------------+
; Parameter Name         ; Value          ; Type                                                              ;
+------------------------+----------------+-------------------------------------------------------------------+
; LPM_WIDTHN             ; 8              ; Signed Integer                                                    ;
; LPM_WIDTHD             ; 8              ; Signed Integer                                                    ;
; LPM_NREPRESENTATION    ; UNSIGNED       ; Untyped                                                           ;
; LPM_DREPRESENTATION    ; UNSIGNED       ; Untyped                                                           ;
; LPM_PIPELINE           ; 0              ; Untyped                                                           ;
; LPM_REMAINDERPOSITIVE  ; TRUE           ; Untyped                                                           ;
; MAXIMIZE_SPEED         ; 5              ; Untyped                                                           ;
; CBXI_PARAMETER         ; lpm_divide_kes ; Untyped                                                           ;
; CARRY_CHAIN            ; MANUAL         ; Untyped                                                           ;
; OPTIMIZE_FOR_SPEED     ; 5              ; Untyped                                                           ;
; AUTO_CARRY_CHAINS      ; ON             ; AUTO_CARRY                                                        ;
; IGNORE_CARRY_BUFFERS   ; OFF            ; IGNORE_CARRY                                                      ;
; AUTO_CASCADE_CHAINS    ; ON             ; AUTO_CASCADE                                                      ;
; IGNORE_CASCADE_BUFFERS ; OFF            ; IGNORE_CASCADE                                                    ;
+------------------------+----------------+-------------------------------------------------------------------+
Note: In order to hide this table in the UI and the text report file, please set the "Show Parameter Settings in Synthesis Report" option in "Analysis and Synthesis Settings -> More Settings" to "Off".


+---------------------------------------------------------------------------------------------------------------+
; Parameter Settings for User Entity Instance: display_8bits:inst|comp0:inst5|lpm_compare:LPM_COMPARE_component ;
+------------------------+-----------+--------------------------------------------------------------------------+
; Parameter Name         ; Value     ; Type                                                                     ;
+------------------------+-----------+--------------------------------------------------------------------------+
; lpm_width              ; 8         ; Signed Integer                                                           ;
; LPM_REPRESENTATION     ; UNSIGNED  ; Untyped                                                                  ;
; LPM_PIPELINE           ; 0         ; Untyped                                                                  ;
; CHAIN_SIZE             ; 8         ; Untyped                                                                  ;
; ONE_INPUT_IS_CONSTANT  ; YES       ; Untyped                                                                  ;
; CARRY_CHAIN            ; MANUAL    ; Untyped                                                                  ;
; CASCADE_CHAIN          ; MANUAL    ; Untyped                                                                  ;
; CARRY_CHAIN_LENGTH     ; 48        ; CARRY_CHAIN_LENGTH                                                       ;
; CASCADE_CHAIN_LENGTH   ; 2         ; CASCADE_CHAIN_LENGTH                                                     ;
; DEVICE_FAMILY          ; Cyclone V ; Untyped                                                                  ;
; CBXI_PARAMETER         ; cmpr_uji  ; Untyped                                                                  ;
; AUTO_CARRY_CHAINS      ; ON        ; AUTO_CARRY                                                               ;
; IGNORE_CARRY_BUFFERS   ; OFF       ; IGNORE_CARRY                                                             ;
; AUTO_CASCADE_CHAINS    ; ON        ; AUTO_CASCADE                                                             ;
; IGNORE_CASCADE_BUFFERS ; OFF       ; IGNORE_CASCADE                                                           ;
+------------------------+-----------+--------------------------------------------------------------------------+
Note: In order to hide this table in the UI and the text report file, please set the "Show Parameter Settings in Synthesis Report" option in "Analysis and Synthesis Settings -> More Settings" to "Off".


+-------------------------------------------------------------------------------------------------------------+
; Parameter Settings for User Entity Instance: display_8bits:inst|div8u:inst2|lpm_divide:LPM_DIVIDE_component ;
+------------------------+----------------+-------------------------------------------------------------------+
; Parameter Name         ; Value          ; Type                                                              ;
+------------------------+----------------+-------------------------------------------------------------------+
; LPM_WIDTHN             ; 8              ; Signed Integer                                                    ;
; LPM_WIDTHD             ; 8              ; Signed Integer                                                    ;
; LPM_NREPRESENTATION    ; UNSIGNED       ; Untyped                                                           ;
; LPM_DREPRESENTATION    ; UNSIGNED       ; Untyped                                                           ;
; LPM_PIPELINE           ; 0              ; Untyped                                                           ;
; LPM_REMAINDERPOSITIVE  ; TRUE           ; Untyped                                                           ;
; MAXIMIZE_SPEED         ; 5              ; Untyped                                                           ;
; CBXI_PARAMETER         ; lpm_divide_kes ; Untyped                                                           ;
; CARRY_CHAIN            ; MANUAL         ; Untyped                                                           ;
; OPTIMIZE_FOR_SPEED     ; 5              ; Untyped                                                           ;
; AUTO_CARRY_CHAINS      ; ON             ; AUTO_CARRY                                                        ;
; IGNORE_CARRY_BUFFERS   ; OFF            ; IGNORE_CARRY                                                      ;
; AUTO_CASCADE_CHAINS    ; ON             ; AUTO_CASCADE                                                      ;
; IGNORE_CASCADE_BUFFERS ; OFF            ; IGNORE_CASCADE                                                    ;
+------------------------+----------------+-------------------------------------------------------------------+
Note: In order to hide this table in the UI and the text report file, please set the "Show Parameter Settings in Synthesis Report" option in "Analysis and Synthesis Settings -> More Settings" to "Off".


+---------------------------------------------------------------------------------------------------------------+
; Parameter Settings for User Entity Instance: display_8bits:inst|comp0:inst4|lpm_compare:LPM_COMPARE_component ;
+------------------------+-----------+--------------------------------------------------------------------------+
; Parameter Name         ; Value     ; Type                                                                     ;
+------------------------+-----------+--------------------------------------------------------------------------+
; lpm_width              ; 8         ; Signed Integer                                                           ;
; LPM_REPRESENTATION     ; UNSIGNED  ; Untyped                                                                  ;
; LPM_PIPELINE           ; 0         ; Untyped                                                                  ;
; CHAIN_SIZE             ; 8         ; Untyped                                                                  ;
; ONE_INPUT_IS_CONSTANT  ; YES       ; Untyped                                                                  ;
; CARRY_CHAIN            ; MANUAL    ; Untyped                                                                  ;
; CASCADE_CHAIN          ; MANUAL    ; Untyped                                                                  ;
; CARRY_CHAIN_LENGTH     ; 48        ; CARRY_CHAIN_LENGTH                                                       ;
; CASCADE_CHAIN_LENGTH   ; 2         ; CASCADE_CHAIN_LENGTH                                                     ;
; DEVICE_FAMILY          ; Cyclone V ; Untyped                                                                  ;
; CBXI_PARAMETER         ; cmpr_uji  ; Untyped                                                                  ;
; AUTO_CARRY_CHAINS      ; ON        ; AUTO_CARRY                                                               ;
; IGNORE_CARRY_BUFFERS   ; OFF       ; IGNORE_CARRY                                                             ;
; AUTO_CASCADE_CHAINS    ; ON        ; AUTO_CASCADE                                                             ;
; IGNORE_CASCADE_BUFFERS ; OFF       ; IGNORE_CASCADE                                                           ;
+------------------------+-----------+--------------------------------------------------------------------------+
Note: In order to hide this table in the UI and the text report file, please set the "Show Parameter Settings in Synthesis Report" option in "Analysis and Synthesis Settings -> More Settings" to "Off".


+-------------------------------------------------------------------------------------------------+
; Parameter Settings for User Entity Instance: Counter225:inst4|lpm_counter:LPM_COUNTER_component ;
+------------------------+-------------+----------------------------------------------------------+
; Parameter Name         ; Value       ; Type                                                     ;
+------------------------+-------------+----------------------------------------------------------+
; AUTO_CARRY_CHAINS      ; ON          ; AUTO_CARRY                                               ;
; IGNORE_CARRY_BUFFERS   ; OFF         ; IGNORE_CARRY                                             ;
; AUTO_CASCADE_CHAINS    ; ON          ; AUTO_CASCADE                                             ;
; IGNORE_CASCADE_BUFFERS ; OFF         ; IGNORE_CASCADE                                           ;
; LPM_WIDTH              ; 8           ; Signed Integer                                           ;
; LPM_DIRECTION          ; UP          ; Untyped                                                  ;
; LPM_MODULUS            ; 0           ; Untyped                                                  ;
; LPM_AVALUE             ; UNUSED      ; Untyped                                                  ;
; LPM_SVALUE             ; UNUSED      ; Untyped                                                  ;
; LPM_PORT_UPDOWN        ; PORT_UNUSED ; Untyped                                                  ;
; DEVICE_FAMILY          ; Cyclone V   ; Untyped                                                  ;
; CARRY_CHAIN            ; MANUAL      ; Untyped                                                  ;
; CARRY_CHAIN_LENGTH     ; 48          ; CARRY_CHAIN_LENGTH                                       ;
; NOT_GATE_PUSH_BACK     ; ON          ; NOT_GATE_PUSH_BACK                                       ;
; CARRY_CNT_EN           ; SMART       ; Untyped                                                  ;
; LABWIDE_SCLR           ; ON          ; Untyped                                                  ;
; USE_NEW_VERSION        ; TRUE        ; Untyped                                                  ;
; CBXI_PARAMETER         ; cntr_n6i    ; Untyped                                                  ;
+------------------------+-------------+----------------------------------------------------------+
Note: In order to hide this table in the UI and the text report file, please set the "Show Parameter Settings in Synthesis Report" option in "Analysis and Synthesis Settings -> More Settings" to "Off".


+-----------------------------------------------------------------------------------------------+
; Parameter Settings for User Entity Instance: Compare1:inst3|lpm_compare:LPM_COMPARE_component ;
+------------------------+-----------+----------------------------------------------------------+
; Parameter Name         ; Value     ; Type                                                     ;
+------------------------+-----------+----------------------------------------------------------+
; lpm_width              ; 26        ; Signed Integer                                           ;
; LPM_REPRESENTATION     ; UNSIGNED  ; Untyped                                                  ;
; LPM_PIPELINE           ; 0         ; Untyped                                                  ;
; CHAIN_SIZE             ; 8         ; Untyped                                                  ;
; ONE_INPUT_IS_CONSTANT  ; YES       ; Untyped                                                  ;
; CARRY_CHAIN            ; MANUAL    ; Untyped                                                  ;
; CASCADE_CHAIN          ; MANUAL    ; Untyped                                                  ;
; CARRY_CHAIN_LENGTH     ; 48        ; CARRY_CHAIN_LENGTH                                       ;
; CASCADE_CHAIN_LENGTH   ; 2         ; CASCADE_CHAIN_LENGTH                                     ;
; DEVICE_FAMILY          ; Cyclone V ; Untyped                                                  ;
; CBXI_PARAMETER         ; cmpr_86j  ; Untyped                                                  ;
; AUTO_CARRY_CHAINS      ; ON        ; AUTO_CARRY                                               ;
; IGNORE_CARRY_BUFFERS   ; OFF       ; IGNORE_CARRY                                             ;
; AUTO_CASCADE_CHAINS    ; ON        ; AUTO_CASCADE                                             ;
; IGNORE_CASCADE_BUFFERS ; OFF       ; IGNORE_CASCADE                                           ;
+------------------------+-----------+----------------------------------------------------------+
Note: In order to hide this table in the UI and the text report file, please set the "Show Parameter Settings in Synthesis Report" option in "Analysis and Synthesis Settings -> More Settings" to "Off".


+-------------------------------------------------------------------------------------------------+
; Parameter Settings for User Entity Instance: Counter50M:inst2|lpm_counter:LPM_COUNTER_component ;
+------------------------+-------------+----------------------------------------------------------+
; Parameter Name         ; Value       ; Type                                                     ;
+------------------------+-------------+----------------------------------------------------------+
; AUTO_CARRY_CHAINS      ; ON          ; AUTO_CARRY                                               ;
; IGNORE_CARRY_BUFFERS   ; OFF         ; IGNORE_CARRY                                             ;
; AUTO_CASCADE_CHAINS    ; ON          ; AUTO_CASCADE                                             ;
; IGNORE_CASCADE_BUFFERS ; OFF         ; IGNORE_CASCADE                                           ;
; LPM_WIDTH              ; 26          ; Signed Integer                                           ;
; LPM_DIRECTION          ; UP          ; Untyped                                                  ;
; LPM_MODULUS            ; 50000000    ; Signed Integer                                           ;
; LPM_AVALUE             ; UNUSED      ; Untyped                                                  ;
; LPM_SVALUE             ; UNUSED      ; Untyped                                                  ;
; LPM_PORT_UPDOWN        ; PORT_UNUSED ; Untyped                                                  ;
; DEVICE_FAMILY          ; Cyclone V   ; Untyped                                                  ;
; CARRY_CHAIN            ; MANUAL      ; Untyped                                                  ;
; CARRY_CHAIN_LENGTH     ; 48          ; CARRY_CHAIN_LENGTH                                       ;
; NOT_GATE_PUSH_BACK     ; ON          ; NOT_GATE_PUSH_BACK                                       ;
; CARRY_CNT_EN           ; SMART       ; Untyped                                                  ;
; LABWIDE_SCLR           ; ON          ; Untyped                                                  ;
; USE_NEW_VERSION        ; TRUE        ; Untyped                                                  ;
; CBXI_PARAMETER         ; cntr_38j    ; Untyped                                                  ;
+------------------------+-------------+----------------------------------------------------------+
Note: In order to hide this table in the UI and the text report file, please set the "Show Parameter Settings in Synthesis Report" option in "Analysis and Synthesis Settings -> More Settings" to "Off".


+-----------------------------------------------------+
; Post-Synthesis Netlist Statistics for Top Partition ;
+-----------------------+-----------------------------+
; Type                  ; Count                       ;
+-----------------------+-----------------------------+
; arriav_ff             ; 34                          ;
;     ENA               ; 8                           ;
;     SLD               ; 26                          ;
; arriav_lcell_comb     ; 87                          ;
;     arith             ; 43                          ;
;         0 data inputs ; 4                           ;
;         1 data inputs ; 35                          ;
;         2 data inputs ; 1                           ;
;         3 data inputs ; 1                           ;
;         4 data inputs ; 2                           ;
;     normal            ; 44                          ;
;         0 data inputs ; 2                           ;
;         1 data inputs ; 3                           ;
;         2 data inputs ; 3                           ;
;         3 data inputs ; 3                           ;
;         4 data inputs ; 11                          ;
;         5 data inputs ; 16                          ;
;         6 data inputs ; 6                           ;
; boundary_port         ; 22                          ;
;                       ;                             ;
; Max LUT depth         ; 4.60                        ;
; Average LUT depth     ; 3.35                        ;
+-----------------------+-----------------------------+


+-------------------------------+
; Elapsed Time Per Partition    ;
+----------------+--------------+
; Partition Name ; Elapsed Time ;
+----------------+--------------+
; Top            ; 00:00:00     ;
+----------------+--------------+


+-------------------------------+
; Analysis & Synthesis Messages ;
+-------------------------------+
Info: *******************************************************************
Info: Running Quartus Prime Analysis & Synthesis
    Info: Version 18.1.0 Build 625 09/12/2018 SJ Lite Edition
    Info: Processing started: Thu Dec 09 11:29:14 2021
Info: Command: quartus_map --read_settings_files=on --write_settings_files=off CascadeCounters -c CascadeCounters
Warning (18236): Number of processors has not been specified which may cause overloading on shared machines.  Set the global assignment NUM_PARALLEL_PROCESSORS in your QSF to an appropriate value for best performance.
Info (20030): Parallel compilation is enabled and will use 6 of the 6 processors detected
Info (12021): Found 1 design units, including 1 entities, in source file counter_8bits.bdf
    Info (12023): Found entity 1: counter_8bits
Info (12021): Found 1 design units, including 1 entities, in source file compare1.v
    Info (12023): Found entity 1: Compare1 File: C:/Users/alsto/Documents/Fall 2021/EECE 2160/Lab 9/CascadeCounters/Compare1.v Line: 39
Info (12127): Elaborating entity "counter_8bits" for the top level hierarchy
Warning (12125): Using design file display_8bits.bdf, which is not specified as a design file for the current project, but contains definitions for 1 design units and 1 entities in project
    Info (12023): Found entity 1: display_8bits
Info (12128): Elaborating entity "display_8bits" for hierarchy "display_8bits:inst"
Warning (12125): Using design file display7.bdf, which is not specified as a design file for the current project, but contains definitions for 1 design units and 1 entities in project
    Info (12023): Found entity 1: display7
Info (12128): Elaborating entity "display7" for hierarchy "display_8bits:inst|display7:inst99"
Warning (12125): Using design file a.bdf, which is not specified as a design file for the current project, but contains definitions for 1 design units and 1 entities in project
    Info (12023): Found entity 1: a
Info (12128): Elaborating entity "a" for hierarchy "display_8bits:inst|display7:inst99|a:inst98"
Warning (12125): Using design file b.bdf, which is not specified as a design file for the current project, but contains definitions for 1 design units and 1 entities in project
    Info (12023): Found entity 1: b
Info (12128): Elaborating entity "b" for hierarchy "display_8bits:inst|display7:inst99|b:inst97"
Warning (12125): Using design file c.bdf, which is not specified as a design file for the current project, but contains definitions for 1 design units and 1 entities in project
    Info (12023): Found entity 1: c
Info (12128): Elaborating entity "c" for hierarchy "display_8bits:inst|display7:inst99|c:inst96"
Warning (12125): Using design file d.bdf, which is not specified as a design file for the current project, but contains definitions for 1 design units and 1 entities in project
    Info (12023): Found entity 1: d
Info (12128): Elaborating entity "d" for hierarchy "display_8bits:inst|display7:inst99|d:inst95"
Warning (12125): Using design file e.bdf, which is not specified as a design file for the current project, but contains definitions for 1 design units and 1 entities in project
    Info (12023): Found entity 1: e
Info (12128): Elaborating entity "e" for hierarchy "display_8bits:inst|display7:inst99|e:inst84"
Warning (12125): Using design file f.bdf, which is not specified as a design file for the current project, but contains definitions for 1 design units and 1 entities in project
    Info (12023): Found entity 1: f
Info (12128): Elaborating entity "f" for hierarchy "display_8bits:inst|display7:inst99|f:inst83"
Warning (12125): Using design file g.bdf, which is not specified as a design file for the current project, but contains definitions for 1 design units and 1 entities in project
    Info (12023): Found entity 1: g
Info (12128): Elaborating entity "g" for hierarchy "display_8bits:inst|display7:inst99|g:inst82"
Warning (12125): Using design file div8u.v, which is not specified as a design file for the current project, but contains definitions for 1 design units and 1 entities in project
    Info (12023): Found entity 1: div8u File: C:/Users/alsto/Documents/Fall 2021/EECE 2160/Lab 9/CascadeCounters/div8u.v Line: 39
Info (12128): Elaborating entity "div8u" for hierarchy "display_8bits:inst|div8u:inst"
Info (12128): Elaborating entity "lpm_divide" for hierarchy "display_8bits:inst|div8u:inst|lpm_divide:LPM_DIVIDE_component" File: C:/Users/alsto/Documents/Fall 2021/EECE 2160/Lab 9/CascadeCounters/div8u.v Line: 62
Info (12130): Elaborated megafunction instantiation "display_8bits:inst|div8u:inst|lpm_divide:LPM_DIVIDE_component" File: C:/Users/alsto/Documents/Fall 2021/EECE 2160/Lab 9/CascadeCounters/div8u.v Line: 62
Info (12133): Instantiated megafunction "display_8bits:inst|div8u:inst|lpm_divide:LPM_DIVIDE_component" with the following parameter: File: C:/Users/alsto/Documents/Fall 2021/EECE 2160/Lab 9/CascadeCounters/div8u.v Line: 62
    Info (12134): Parameter "lpm_drepresentation" = "UNSIGNED"
    Info (12134): Parameter "lpm_hint" = "LPM_REMAINDERPOSITIVE=TRUE"
    Info (12134): Parameter "lpm_nrepresentation" = "UNSIGNED"
    Info (12134): Parameter "lpm_type" = "LPM_DIVIDE"
    Info (12134): Parameter "lpm_widthd" = "8"
    Info (12134): Parameter "lpm_widthn" = "8"
Info (12021): Found 1 design units, including 1 entities, in source file db/lpm_divide_kes.tdf
    Info (12023): Found entity 1: lpm_divide_kes File: C:/Users/alsto/Documents/Fall 2021/EECE 2160/Lab 9/CascadeCounters/db/lpm_divide_kes.tdf Line: 24
Info (12128): Elaborating entity "lpm_divide_kes" for hierarchy "display_8bits:inst|div8u:inst|lpm_divide:LPM_DIVIDE_component|lpm_divide_kes:auto_generated" File: c:/intelfpga_lite/18.1/quartus/libraries/megafunctions/lpm_divide.tdf Line: 147
Info (12021): Found 1 design units, including 1 entities, in source file db/sign_div_unsign_fkh.tdf
    Info (12023): Found entity 1: sign_div_unsign_fkh File: C:/Users/alsto/Documents/Fall 2021/EECE 2160/Lab 9/CascadeCounters/db/sign_div_unsign_fkh.tdf Line: 24
Info (12128): Elaborating entity "sign_div_unsign_fkh" for hierarchy "display_8bits:inst|div8u:inst|lpm_divide:LPM_DIVIDE_component|lpm_divide_kes:auto_generated|sign_div_unsign_fkh:divider" File: C:/Users/alsto/Documents/Fall 2021/EECE 2160/Lab 9/CascadeCounters/db/lpm_divide_kes.tdf Line: 35
Info (12021): Found 1 design units, including 1 entities, in source file db/alt_u_div_4te.tdf
    Info (12023): Found entity 1: alt_u_div_4te File: C:/Users/alsto/Documents/Fall 2021/EECE 2160/Lab 9/CascadeCounters/db/alt_u_div_4te.tdf Line: 22
Info (12128): Elaborating entity "alt_u_div_4te" for hierarchy "display_8bits:inst|div8u:inst|lpm_divide:LPM_DIVIDE_component|lpm_divide_kes:auto_generated|sign_div_unsign_fkh:divider|alt_u_div_4te:divider" File: C:/Users/alsto/Documents/Fall 2021/EECE 2160/Lab 9/CascadeCounters/db/sign_div_unsign_fkh.tdf Line: 32
Warning (12125): Using design file const10.v, which is not specified as a design file for the current project, but contains definitions for 1 design units and 1 entities in project
    Info (12023): Found entity 1: const10 File: C:/Users/alsto/Documents/Fall 2021/EECE 2160/Lab 9/CascadeCounters/const10.v Line: 39
Info (12128): Elaborating entity "const10" for hierarchy "display_8bits:inst|const10:inst3"
Info (12128): Elaborating entity "lpm_constant" for hierarchy "display_8bits:inst|const10:inst3|lpm_constant:LPM_CONSTANT_component" File: C:/Users/alsto/Documents/Fall 2021/EECE 2160/Lab 9/CascadeCounters/const10.v Line: 48
Info (12130): Elaborated megafunction instantiation "display_8bits:inst|const10:inst3|lpm_constant:LPM_CONSTANT_component" File: C:/Users/alsto/Documents/Fall 2021/EECE 2160/Lab 9/CascadeCounters/const10.v Line: 48
Info (12133): Instantiated megafunction "display_8bits:inst|const10:inst3|lpm_constant:LPM_CONSTANT_component" with the following parameter: File: C:/Users/alsto/Documents/Fall 2021/EECE 2160/Lab 9/CascadeCounters/const10.v Line: 48
    Info (12134): Parameter "lpm_cvalue" = "10"
    Info (12134): Parameter "lpm_hint" = "ENABLE_RUNTIME_MOD=NO"
    Info (12134): Parameter "lpm_type" = "LPM_CONSTANT"
    Info (12134): Parameter "lpm_width" = "8"
Warning (12125): Using design file display7_en.bdf, which is not specified as a design file for the current project, but contains definitions for 1 design units and 1 entities in project
    Info (12023): Found entity 1: display7_en
Info (12128): Elaborating entity "display7_en" for hierarchy "display_8bits:inst|display7_en:inst8"
Warning (275011): Block or symbol "display7" of instance "inst0" overlaps another block or symbol
Warning (12125): Using design file comp0.v, which is not specified as a design file for the current project, but contains definitions for 1 design units and 1 entities in project
    Info (12023): Found entity 1: comp0 File: C:/Users/alsto/Documents/Fall 2021/EECE 2160/Lab 9/CascadeCounters/comp0.v Line: 39
Info (12128): Elaborating entity "comp0" for hierarchy "display_8bits:inst|comp0:inst5"
Info (12128): Elaborating entity "lpm_compare" for hierarchy "display_8bits:inst|comp0:inst5|lpm_compare:LPM_COMPARE_component" File: C:/Users/alsto/Documents/Fall 2021/EECE 2160/Lab 9/CascadeCounters/comp0.v Line: 61
Info (12130): Elaborated megafunction instantiation "display_8bits:inst|comp0:inst5|lpm_compare:LPM_COMPARE_component" File: C:/Users/alsto/Documents/Fall 2021/EECE 2160/Lab 9/CascadeCounters/comp0.v Line: 61
Info (12133): Instantiated megafunction "display_8bits:inst|comp0:inst5|lpm_compare:LPM_COMPARE_component" with the following parameter: File: C:/Users/alsto/Documents/Fall 2021/EECE 2160/Lab 9/CascadeCounters/comp0.v Line: 61
    Info (12134): Parameter "lpm_hint" = "ONE_INPUT_IS_CONSTANT=YES"
    Info (12134): Parameter "lpm_representation" = "UNSIGNED"
    Info (12134): Parameter "lpm_type" = "LPM_COMPARE"
    Info (12134): Parameter "lpm_width" = "8"
Info (12021): Found 1 design units, including 1 entities, in source file db/cmpr_uji.tdf
    Info (12023): Found entity 1: cmpr_uji File: C:/Users/alsto/Documents/Fall 2021/EECE 2160/Lab 9/CascadeCounters/db/cmpr_uji.tdf Line: 22
Info (12128): Elaborating entity "cmpr_uji" for hierarchy "display_8bits:inst|comp0:inst5|lpm_compare:LPM_COMPARE_component|cmpr_uji:auto_generated" File: c:/intelfpga_lite/18.1/quartus/libraries/megafunctions/lpm_compare.tdf Line: 280
Warning (12125): Using design file counter225.v, which is not specified as a design file for the current project, but contains definitions for 1 design units and 1 entities in project
    Info (12023): Found entity 1: Counter225 File: C:/Users/alsto/Documents/Fall 2021/EECE 2160/Lab 9/CascadeCounters/counter225.v Line: 39
Info (12128): Elaborating entity "Counter225" for hierarchy "Counter225:inst4"
Info (12128): Elaborating entity "lpm_counter" for hierarchy "Counter225:inst4|lpm_counter:LPM_COUNTER_component" File: C:/Users/alsto/Documents/Fall 2021/EECE 2160/Lab 9/CascadeCounters/counter225.v Line: 66
Info (12130): Elaborated megafunction instantiation "Counter225:inst4|lpm_counter:LPM_COUNTER_component" File: C:/Users/alsto/Documents/Fall 2021/EECE 2160/Lab 9/CascadeCounters/counter225.v Line: 66
Info (12133): Instantiated megafunction "Counter225:inst4|lpm_counter:LPM_COUNTER_component" with the following parameter: File: C:/Users/alsto/Documents/Fall 2021/EECE 2160/Lab 9/CascadeCounters/counter225.v Line: 66
    Info (12134): Parameter "lpm_direction" = "UP"
    Info (12134): Parameter "lpm_port_updown" = "PORT_UNUSED"
    Info (12134): Parameter "lpm_type" = "LPM_COUNTER"
    Info (12134): Parameter "lpm_width" = "8"
Info (12021): Found 1 design units, including 1 entities, in source file db/cntr_n6i.tdf
    Info (12023): Found entity 1: cntr_n6i File: C:/Users/alsto/Documents/Fall 2021/EECE 2160/Lab 9/CascadeCounters/db/cntr_n6i.tdf Line: 25
Info (12128): Elaborating entity "cntr_n6i" for hierarchy "Counter225:inst4|lpm_counter:LPM_COUNTER_component|cntr_n6i:auto_generated" File: c:/intelfpga_lite/18.1/quartus/libraries/megafunctions/lpm_counter.tdf Line: 258
Info (12128): Elaborating entity "Compare1" for hierarchy "Compare1:inst3"
Info (12128): Elaborating entity "lpm_compare" for hierarchy "Compare1:inst3|lpm_compare:LPM_COMPARE_component" File: C:/Users/alsto/Documents/Fall 2021/EECE 2160/Lab 9/CascadeCounters/Compare1.v Line: 61
Info (12130): Elaborated megafunction instantiation "Compare1:inst3|lpm_compare:LPM_COMPARE_component" File: C:/Users/alsto/Documents/Fall 2021/EECE 2160/Lab 9/CascadeCounters/Compare1.v Line: 61
Info (12133): Instantiated megafunction "Compare1:inst3|lpm_compare:LPM_COMPARE_component" with the following parameter: File: C:/Users/alsto/Documents/Fall 2021/EECE 2160/Lab 9/CascadeCounters/Compare1.v Line: 61
    Info (12134): Parameter "lpm_hint" = "ONE_INPUT_IS_CONSTANT=YES"
    Info (12134): Parameter "lpm_representation" = "UNSIGNED"
    Info (12134): Parameter "lpm_type" = "LPM_COMPARE"
    Info (12134): Parameter "lpm_width" = "26"
Info (12021): Found 1 design units, including 1 entities, in source file db/cmpr_86j.tdf
    Info (12023): Found entity 1: cmpr_86j File: C:/Users/alsto/Documents/Fall 2021/EECE 2160/Lab 9/CascadeCounters/db/cmpr_86j.tdf Line: 22
Info (12128): Elaborating entity "cmpr_86j" for hierarchy "Compare1:inst3|lpm_compare:LPM_COMPARE_component|cmpr_86j:auto_generated" File: c:/intelfpga_lite/18.1/quartus/libraries/megafunctions/lpm_compare.tdf Line: 280
Warning (12125): Using design file counter50m.v, which is not specified as a design file for the current project, but contains definitions for 1 design units and 1 entities in project
    Info (12023): Found entity 1: Counter50M File: C:/Users/alsto/Documents/Fall 2021/EECE 2160/Lab 9/CascadeCounters/counter50m.v Line: 39
Info (12128): Elaborating entity "Counter50M" for hierarchy "Counter50M:inst2"
Info (12128): Elaborating entity "lpm_counter" for hierarchy "Counter50M:inst2|lpm_counter:LPM_COUNTER_component" File: C:/Users/alsto/Documents/Fall 2021/EECE 2160/Lab 9/CascadeCounters/counter50m.v Line: 64
Info (12130): Elaborated megafunction instantiation "Counter50M:inst2|lpm_counter:LPM_COUNTER_component" File: C:/Users/alsto/Documents/Fall 2021/EECE 2160/Lab 9/CascadeCounters/counter50m.v Line: 64
Info (12133): Instantiated megafunction "Counter50M:inst2|lpm_counter:LPM_COUNTER_component" with the following parameter: File: C:/Users/alsto/Documents/Fall 2021/EECE 2160/Lab 9/CascadeCounters/counter50m.v Line: 64
    Info (12134): Parameter "lpm_direction" = "UP"
    Info (12134): Parameter "lpm_modulus" = "50000000"
    Info (12134): Parameter "lpm_port_updown" = "PORT_UNUSED"
    Info (12134): Parameter "lpm_type" = "LPM_COUNTER"
    Info (12134): Parameter "lpm_width" = "26"
Info (12021): Found 1 design units, including 1 entities, in source file db/cntr_38j.tdf
    Info (12023): Found entity 1: cntr_38j File: C:/Users/alsto/Documents/Fall 2021/EECE 2160/Lab 9/CascadeCounters/db/cntr_38j.tdf Line: 27
Info (12128): Elaborating entity "cntr_38j" for hierarchy "Counter50M:inst2|lpm_counter:LPM_COUNTER_component|cntr_38j:auto_generated" File: c:/intelfpga_lite/18.1/quartus/libraries/megafunctions/lpm_counter.tdf Line: 258
Info (12021): Found 1 design units, including 1 entities, in source file db/cmpr_0bc.tdf
    Info (12023): Found entity 1: cmpr_0bc File: C:/Users/alsto/Documents/Fall 2021/EECE 2160/Lab 9/CascadeCounters/db/cmpr_0bc.tdf Line: 22
Info (12128): Elaborating entity "cmpr_0bc" for hierarchy "Counter50M:inst2|lpm_counter:LPM_COUNTER_component|cntr_38j:auto_generated|cmpr_0bc:cmpr1" File: C:/Users/alsto/Documents/Fall 2021/EECE 2160/Lab 9/CascadeCounters/db/cntr_38j.tdf Line: 34
Warning (13024): Output pins are stuck at VCC or GND
    Warning (13410): Pin "HEX2[5]" is stuck at VCC
Info (286030): Timing-Driven Synthesis is running
Info (16010): Generating hard_block partition "hard_block:auto_generated_inst"
    Info (16011): Adding 0 node(s), including 0 DDIO, 0 PLL, 0 transceiver and 0 LCELL
Info (21057): Implemented 105 device resources after synthesis - the final resource count might be different
    Info (21058): Implemented 1 input pins
    Info (21059): Implemented 21 output pins
    Info (21061): Implemented 83 logic cells
Info: Quartus Prime Analysis & Synthesis was successful. 0 errors, 19 warnings
    Info: Peak virtual memory: 4857 megabytes
    Info: Processing ended: Thu Dec 09 11:29:26 2021
    Info: Elapsed time: 00:00:12
    Info: Total CPU time (on all processors): 00:00:25


